#
# A fatal error has been detected by the Java Runtime Environment:
#
#  EXCEPTION_ACCESS_VIOLATION (0xc0000005) at pc=0x00007ffb44becfce, pid=6324, tid=38972
#
# JRE version: Java(TM) SE Runtime Environment (8.0_91-b14) (build 1.8.0_91-b14)
# Java VM: Java HotSpot(TM) 64-Bit Server VM (25.91-b14 mixed mode windows-amd64 compressed oops)
# Problematic frame:
# C  [librocksdbjni-win64.dll+0xbcfce]
#
# Failed to write core dump. Minidumps are not enabled by default on client versions of Windows
#
# If you would like to submit a bug report, please visit:
#   http://bugreport.java.com/bugreport/crash.jsp
# The crash happened outside the Java Virtual Machine in native code.
# See problematic frame for where to report the bug.
#

---------------  T H R E A D  ---------------

Current thread (0x000000003f6c8000):  JavaThread "keyword_top10_statistics -> (Sink: Write Keyword Stats to Doris, Sink: Print to Std. Out) (12/16)#0" [_thread_in_native, id=38972, stack(0x0000000048010000,0x0000000048110000)]

siginfo: ExceptionCode=0xc0000005, reading address 0xffffffffffffffff

Registers:
RAX=0xdddddddddddddddd, RBX=0x000000000000000c, RCX=0x000000004da70b40, RDX=0x000000004810e5e0
RSP=0x000000004810e590, RBP=0x0000000000000000, RSI=0x000000004da70b40, RDI=0x000000003f6c81f8
R8 =0x000000005053cc90, R9 =0x00000000504ec760, R10=0x000000000000000c, R11=0x000000006fd8b790
R12=0x000000005053cc90, R13=0x000000004f8faf80, R14=0x000000006fd8b790, R15=0x00000000504ec760
RIP=0x00007ffb44becfce, EFLAGS=0x0000000000010206

Top of Stack: (sp=0x000000004810e590)
0x000000004810e590:   000000000000000c 000000004810e6c0
0x000000004810e5a0:   000000004da70b40 000000003f6c81f8
0x000000004810e5b0:   000000004810e5d0 000000003f6c8000
0x000000004810e5c0:   000000004f000000 0000000000000000
0x000000004810e5d0:   000000006fd8b790 000000000000000c
0x000000004810e5e0:   000000004f8faf00 000000003f6c8000
0x000000004810e5f0:   000000003f6c8000 000000004810e728
0x000000004810e600:   0000000000000000 00000000036c7914
0x000000004810e610:   000000004f8faf88 000000004810e6c0
0x000000004810e620:   000000000000000c 0000000000000000
0x000000004810e630:   000000004810e700 0000000000000000
0x000000004810e640:   000000000000000c 00000000504ec760
0x000000004810e650:   000000003f6c8000 000000004f8faf88
0x000000004810e660:   000000000000000c 000000003f6c8000
0x000000004810e670:   000000004810e798 00000000036c7642
0x000000004810e680:   000000004810e680 000000004f8faf80 

Instructions: (pc=0x00007ffb44becfce)
0x00007ffb44becfae:   48 8b 06 4d 8b c4 48 8d 54 24 50 4d 85 ff 74 15
0x00007ffb44becfbe:   48 8d 4c 24 40 48 89 4c 24 20 4d 8b cf 48 8b ce
0x00007ffb44becfce:   ff 50 60 eb 0b 4c 8d 4c 24 40 48 8b ce ff 50 58
0x00007ffb44becfde:   48 8b d8 40 32 f6 48 8d 44 24 30 48 3b c3 74 3b 


Register to memory mapping:

RAX=0xdddddddddddddddd is an unknown value
RBX=0x000000000000000c is an unknown value
RCX=0x000000004da70b40 is an unknown value
RDX=0x000000004810e5e0 is pointing into the stack for thread: 0x000000003f6c8000
RSP=0x000000004810e590 is pointing into the stack for thread: 0x000000003f6c8000
RBP=0x0000000000000000 is an unknown value
RSI=0x000000004da70b40 is an unknown value
RDI=0x000000003f6c81f8 is an unknown value
R8 =0x000000005053cc90 is an unknown value
R9 =0x00000000504ec760 is an unknown value
R10=0x000000000000000c is an unknown value
R11=0x000000006fd8b790 is an unknown value
R12=0x000000005053cc90 is an unknown value
R13=0x000000004f8faf80 is pointing into metadata
R14=0x000000006fd8b790 is an unknown value
R15=0x00000000504ec760 is an unknown value


Stack: [0x0000000048010000,0x0000000048110000],  sp=0x000000004810e590,  free space=1017k
Native frames: (J=compiled Java code, j=interpreted, Vv=VM code, C=native code)

Java frames: (J=compiled Java code, j=interpreted, Vv=VM code)
j  org.rocksdb.RocksDB.delete(JJ[BIIJ)V+0
j  org.rocksdb.RocksDB.delete(Lorg/rocksdb/ColumnFamilyHandle;Lorg/rocksdb/WriteOptions;[B)V+17
j  org.apache.flink.contrib.streaming.state.AbstractRocksDBState.clear()V+19
j  com.stream.realtime.lululemon.flinkapi.todoris.SearchTermTotalAggregatorApitodoris$KeywordTop10Processor.close()V+11
j  org.apache.flink.api.common.functions.util.FunctionUtils.closeFunction(Lorg/apache/flink/api/common/functions/Function;)V+13
j  org.apache.flink.streaming.api.operators.AbstractUdfStreamOperator.close()V+8
j  org.apache.flink.streaming.runtime.tasks.StreamOperatorWrapper.close()V+9
j  org.apache.flink.streaming.runtime.tasks.RegularOperatorChain.closeAllOperators()V+37
j  org.apache.flink.streaming.runtime.tasks.StreamTask.closeAllOperators()V+23
j  org.apache.flink.streaming.runtime.tasks.StreamTask$$Lambda$1147.close()V+4
j  org.apache.flink.util.IOUtils.closeAll(Ljava/lang/Iterable;Ljava/lang/Class;)V+42
j  org.apache.flink.core.fs.AutoCloseableRegistry.doClose(Ljava/util/List;)V+6
J 4592 C1 org.apache.flink.util.AbstractAutoCloseableRegistry.close()V (64 bytes) @ 0x000000000465fc8c [0x000000000465f7c0+0x4cc]
j  org.apache.flink.streaming.runtime.tasks.StreamTask.cleanUp(Ljava/lang/Throwable;)V+115
j  org.apache.flink.runtime.taskmanager.Task.lambda$restoreAndInvoke$0(Lorg/apache/flink/runtime/jobgraph/tasks/TaskInvokable;Ljava/lang/Throwable;)V+2
j  org.apache.flink.runtime.taskmanager.Task$$Lambda$2480.run()V+8
j  org.apache.flink.runtime.taskmanager.Task.runWithSystemExitMonitoring(Lorg/apache/flink/util/function/RunnableWithException;)V+4
j  org.apache.flink.runtime.taskmanager.Task.restoreAndInvoke(Lorg/apache/flink/runtime/jobgraph/tasks/TaskInvokable;)V+146
j  org.apache.flink.runtime.taskmanager.Task.doRun()V+700
j  org.apache.flink.runtime.taskmanager.Task.run()V+1
j  java.lang.Thread.run()V+11
v  ~StubRoutines::call_stub

---------------  P R O C E S S  ---------------

Java Threads: ( => current thread )
  0x0000000040194000 JavaThread "System Time Trigger for keyword_top10_statistics -> (Sink: Write Keyword Stats to Doris, Sink: Print to Std. Out) (6/16)#0" daemon [_thread_blocked, id=39964, stack(0x0000000057cc0000,0x0000000057dc0000)]
  0x0000000040190000 JavaThread "System Time Trigger for keyword_top10_statistics -> (Sink: Write Keyword Stats to Doris, Sink: Print to Std. Out) (14/16)#0" daemon [_thread_blocked, id=28916, stack(0x0000000057bc0000,0x0000000057cc0000)]
  0x0000000040193000 JavaThread "System Time Trigger for keyword_top10_statistics -> (Sink: Write Keyword Stats to Doris, Sink: Print to Std. Out) (2/16)#0" daemon [_thread_blocked, id=10756, stack(0x0000000057ac0000,0x0000000057bc0000)]
  0x000000004018f800 JavaThread "System Time Trigger for keyword_top10_statistics -> (Sink: Write Keyword Stats to Doris, Sink: Print to Std. Out) (10/16)#0" daemon [_thread_blocked, id=25028, stack(0x0000000057710000,0x0000000057810000)]
  0x0000000040192800 JavaThread "System Time Trigger for keyword_top10_statistics -> (Sink: Write Keyword Stats to Doris, Sink: Print to Std. Out) (1/16)#0" daemon [_thread_blocked, id=26752, stack(0x0000000057860000,0x0000000057960000)]
  0x000000004018e800 JavaThread "System Time Trigger for keyword_top10_statistics -> (Sink: Write Keyword Stats to Doris, Sink: Print to Std. Out) (3/16)#0" daemon [_thread_blocked, id=8424, stack(0x0000000057610000,0x0000000057710000)]
  0x000000004018b000 JavaThread "System Time Trigger for keyword_top10_statistics -> (Sink: Write Keyword Stats to Doris, Sink: Print to Std. Out) (9/16)#0" daemon [_thread_blocked, id=20692, stack(0x0000000059650000,0x0000000059750000)]
  0x0000000040191800 JavaThread "System Time Trigger for keyword_top10_statistics -> (Sink: Write Keyword Stats to Doris, Sink: Print to Std. Out) (5/16)#0" daemon [_thread_blocked, id=21832, stack(0x0000000059750000,0x0000000059850000)]
  0x000000004018d000 JavaThread "System Time Trigger for keyword_top10_statistics -> (Sink: Write Keyword Stats to Doris, Sink: Print to Std. Out) (15/16)#0" daemon [_thread_blocked, id=31424, stack(0x0000000055bd0000,0x0000000055cd0000)]
  0x000000004018c800 JavaThread "System Time Trigger for keyword_top10_statistics -> (Sink: Write Keyword Stats to Doris, Sink: Print to Std. Out) (13/16)#0" daemon [_thread_blocked, id=36036, stack(0x0000000055ad0000,0x0000000055bd0000)]
  0x000000004018e000 JavaThread "System Time Trigger for keyword_top10_statistics -> (Sink: Write Keyword Stats to Doris, Sink: Print to Std. Out) (7/16)#0" daemon [_thread_blocked, id=16804, stack(0x00000000559d0000,0x0000000055ad0000)]
  0x0000000040187000 JavaThread "System Time Trigger for keyword_top10_statistics -> (Sink: Write Keyword Stats to Doris, Sink: Print to Std. Out) (16/16)#0" daemon [_thread_blocked, id=20160, stack(0x00000000558d0000,0x00000000559d0000)]
  0x0000000040189800 JavaThread "System Time Trigger for keyword_top10_statistics -> (Sink: Write Keyword Stats to Doris, Sink: Print to Std. Out) (11/16)#0" daemon [_thread_blocked, id=820, stack(0x00000000557d0000,0x00000000558d0000)]
  0x0000000040188800 JavaThread "System Time Trigger for global_top10_aggregator -> (Sink: Write Global Top10 to Doris, Sink: Print to Std. Out) (10/16)#0" daemon [_thread_blocked, id=25452, stack(0x00000000556d0000,0x00000000557d0000)]
  0x0000000040183800 JavaThread "System Time Trigger for global_top10_aggregator -> (Sink: Write Global Top10 to Doris, Sink: Print to Std. Out) (3/16)#0" daemon [_thread_blocked, id=20864, stack(0x00000000555d0000,0x00000000556d0000)]
  0x0000000040188000 JavaThread "System Time Trigger for global_top10_aggregator -> (Sink: Write Global Top10 to Doris, Sink: Print to Std. Out) (11/16)#0" daemon [_thread_blocked, id=19972, stack(0x00000000554d0000,0x00000000555d0000)]
  0x0000000040185000 JavaThread "System Time Trigger for global_top10_aggregator -> (Sink: Write Global Top10 to Doris, Sink: Print to Std. Out) (2/16)#0" daemon [_thread_blocked, id=3676, stack(0x0000000055ce0000,0x0000000055de0000)]
  0x0000000040184000 JavaThread "System Time Trigger for keyword_top10_statistics -> (Sink: Write Keyword Stats to Doris, Sink: Print to Std. Out) (4/16)#0" daemon [_thread_blocked, id=38564, stack(0x00000000551d0000,0x00000000552d0000)]
  0x0000000040186800 JavaThread "System Time Trigger for keyword_top10_statistics -> (Sink: Write Keyword Stats to Doris, Sink: Print to Std. Out) (8/16)#0" daemon [_thread_blocked, id=31132, stack(0x00000000550d0000,0x00000000551d0000)]
  0x0000000049f77000 JavaThread "System Time Trigger for global_top10_aggregator -> (Sink: Write Global Top10 to Doris, Sink: Print to Std. Out) (16/16)#0" daemon [_thread_blocked, id=41288, stack(0x0000000054ed0000,0x0000000054fd0000)]
  0x0000000049f75800 JavaThread "System Time Trigger for global_top10_aggregator -> (Sink: Write Global Top10 to Doris, Sink: Print to Std. Out) (1/16)#0" daemon [_thread_blocked, id=14496, stack(0x0000000054dd0000,0x0000000054ed0000)]
  0x0000000049f75000 JavaThread "System Time Trigger for global_top10_aggregator -> (Sink: Write Global Top10 to Doris, Sink: Print to Std. Out) (13/16)#0" daemon [_thread_blocked, id=9800, stack(0x00000000548d0000,0x00000000549d0000)]
  0x0000000049f78800 JavaThread "System Time Trigger for global_top10_aggregator -> (Sink: Write Global Top10 to Doris, Sink: Print to Std. Out) (8/16)#0" daemon [_thread_blocked, id=17456, stack(0x0000000054cd0000,0x0000000054dd0000)]
  0x0000000049f78000 JavaThread "System Time Trigger for global_top10_aggregator -> (Sink: Write Global Top10 to Doris, Sink: Print to Std. Out) (9/16)#0" daemon [_thread_blocked, id=17328, stack(0x0000000054bd0000,0x0000000054cd0000)]
  0x0000000049f6f800 JavaThread "System Time Trigger for global_top10_aggregator -> (Sink: Write Global Top10 to Doris, Sink: Print to Std. Out) (12/16)#0" daemon [_thread_blocked, id=12848, stack(0x0000000054ad0000,0x0000000054bd0000)]
  0x0000000049f76800 JavaThread "System Time Trigger for global_top10_aggregator -> (Sink: Write Global Top10 to Doris, Sink: Print to Std. Out) (4/16)#0" daemon [_thread_blocked, id=41832, stack(0x00000000549d0000,0x0000000054ad0000)]
  0x0000000049f74000 JavaThread "System Time Trigger for global_top10_aggregator -> (Sink: Write Global Top10 to Doris, Sink: Print to Std. Out) (5/16)#0" daemon [_thread_blocked, id=8244, stack(0x00000000547d0000,0x00000000548d0000)]
  0x0000000049f72800 JavaThread "Flink-DispatcherRestEndpoint-thread-2" daemon [_thread_blocked, id=34836, stack(0x0000000052f30000,0x0000000053030000)]
  0x0000000049f70800 JavaThread "System Time Trigger for global_top10_aggregator -> (Sink: Write Global Top10 to Doris, Sink: Print to Std. Out) (14/16)#0" daemon [_thread_blocked, id=9852, stack(0x0000000053430000,0x0000000053530000)]
  0x0000000049f73800 JavaThread "System Time Trigger for global_top10_aggregator -> (Sink: Write Global Top10 to Doris, Sink: Print to Std. Out) (7/16)#0" daemon [_thread_blocked, id=16444, stack(0x0000000053330000,0x0000000053430000)]
  0x0000000049f72000 JavaThread "flink-akka.actor.default-dispatcher-9" [_thread_blocked, id=21216, stack(0x0000000038e90000,0x0000000038f90000)]
  0x0000000049f6e000 JavaThread "System Time Trigger for global_top10_aggregator -> (Sink: Write Global Top10 to Doris, Sink: Print to Std. Out) (6/16)#0" daemon [_thread_blocked, id=35316, stack(0x0000000053130000,0x0000000053230000)]
  0x0000000049f71000 JavaThread "System Time Trigger for global_top10_aggregator -> (Sink: Write Global Top10 to Doris, Sink: Print to Std. Out) (15/16)#0" daemon [_thread_blocked, id=15088, stack(0x0000000053030000,0x0000000053130000)]
  0x0000000049f69800 JavaThread "System Time Trigger for Source: kafka_search_log_source -> kafka_record_counter -> log_parser_with_validation -> filter_search_logs -> keyword_extractor_with_validation (4/16)#0" daemon [_thread_blocked, id=40112, stack(0x000000004fa80000,0x000000004fb80000)]
  0x0000000049f6c800 JavaThread "Source Data Fetcher for Source: kafka_search_log_source -> kafka_record_counter -> log_parser_with_validation -> filter_search_logs -> keyword_extractor_with_validation (4/16)#0" [_thread_blocked, id=14856, stack(0x000000004ceb0000,0x000000004cfb0000)]
  0x0000000049f69000 JavaThread "jdbc-upsert-output-format-thread-1" daemon [_thread_blocked, id=22860, stack(0x000000004bdb0000,0x000000004beb0000)]
  0x0000000049f6c000 JavaThread "jdbc-upsert-output-format-thread-1" daemon [_thread_blocked, id=5172, stack(0x000000004bcb0000,0x000000004bdb0000)]
  0x0000000049f6b000 JavaThread "jdbc-upsert-output-format-thread-1" daemon [_thread_blocked, id=34436, stack(0x000000004cdb0000,0x000000004ceb0000)]
  0x0000000049f68000 JavaThread "jdbc-upsert-output-format-thread-1" daemon [_thread_blocked, id=452, stack(0x000000004f780000,0x000000004f880000)]
  0x0000000049f6a800 JavaThread "jdbc-upsert-output-format-thread-1" daemon [_thread_blocked, id=30428, stack(0x000000004f680000,0x000000004f780000)]
  0x0000000049f64800 JavaThread "jdbc-upsert-output-format-thread-1" daemon [_thread_blocked, id=36000, stack(0x000000004f4d0000,0x000000004f5d0000)]
  0x0000000049f65000 JavaThread "jdbc-upsert-output-format-thread-1" daemon [_thread_blocked, id=29888, stack(0x000000004f3d0000,0x000000004f4d0000)]
  0x0000000049f67800 JavaThread "jdbc-upsert-output-format-thread-1" daemon [_thread_blocked, id=14440, stack(0x000000004f2d0000,0x000000004f3d0000)]
  0x0000000049f66800 JavaThread "jdbc-upsert-output-format-thread-1" daemon [_thread_blocked, id=17344, stack(0x000000004f1d0000,0x000000004f2d0000)]
  0x0000000049f66000 JavaThread "jdbc-upsert-output-format-thread-1" daemon [_thread_blocked, id=38484, stack(0x000000004f0d0000,0x000000004f1d0000)]
  0x0000000049f60800 JavaThread "jdbc-upsert-output-format-thread-1" daemon [_thread_blocked, id=17668, stack(0x000000004efd0000,0x000000004f0d0000)]
  0x0000000049f63000 JavaThread "jdbc-upsert-output-format-thread-1" daemon [_thread_blocked, id=20984, stack(0x000000004eed0000,0x000000004efd0000)]
  0x0000000049f61800 JavaThread "jdbc-upsert-output-format-thread-1" daemon [_thread_blocked, id=3260, stack(0x000000004edd0000,0x000000004eed0000)]
  0x0000000049f63800 JavaThread "jdbc-upsert-output-format-thread-1" daemon [_thread_blocked, id=4604, stack(0x000000004ecd0000,0x000000004edd0000)]
  0x0000000049f5f000 JavaThread "jdbc-upsert-output-format-thread-1" daemon [_thread_blocked, id=26152, stack(0x000000004ebd0000,0x000000004ecd0000)]
  0x0000000049f62000 JavaThread "jdbc-upsert-output-format-thread-1" daemon [_thread_blocked, id=26660, stack(0x000000004ead0000,0x000000004ebd0000)]
  0x0000000049f60000 JavaThread "jdbc-upsert-output-format-thread-1" daemon [_thread_blocked, id=21004, stack(0x000000004e9d0000,0x000000004ead0000)]
  0x0000000049f5d800 JavaThread "jdbc-upsert-output-format-thread-1" daemon [_thread_blocked, id=39916, stack(0x000000004e8d0000,0x000000004e9d0000)]
  0x0000000049f5e800 JavaThread "jdbc-upsert-output-format-thread-1" daemon [_thread_blocked, id=21000, stack(0x000000004e7d0000,0x000000004e8d0000)]
  0x0000000049f5b800 JavaThread "jdbc-upsert-output-format-thread-1" daemon [_thread_blocked, id=31084, stack(0x000000004e6d0000,0x000000004e7d0000)]
  0x0000000049f5a800 JavaThread "jdbc-upsert-output-format-thread-1" daemon [_thread_blocked, id=30424, stack(0x000000004e5d0000,0x000000004e6d0000)]
  0x0000000049f5d000 JavaThread "jdbc-upsert-output-format-thread-1" daemon [_thread_blocked, id=40208, stack(0x000000004e4d0000,0x000000004e5d0000)]
  0x0000000049f5c000 JavaThread "jdbc-upsert-output-format-thread-1" daemon [_thread_blocked, id=5648, stack(0x000000004e3d0000,0x000000004e4d0000)]
  0x0000000040416800 JavaThread "jdbc-upsert-output-format-thread-1" daemon [_thread_blocked, id=28252, stack(0x000000004e1d0000,0x000000004e2d0000)]
  0x0000000040418000 JavaThread "jdbc-upsert-output-format-thread-1" daemon [_thread_blocked, id=3140, stack(0x000000004e0d0000,0x000000004e1d0000)]
  0x0000000040410000 JavaThread "jdbc-upsert-output-format-thread-1" daemon [_thread_blocked, id=39348, stack(0x000000004dfd0000,0x000000004e0d0000)]
  0x0000000040412000 JavaThread "jdbc-upsert-output-format-thread-1" daemon [_thread_blocked, id=12676, stack(0x000000004ded0000,0x000000004dfd0000)]
  0x0000000040411800 JavaThread "jdbc-upsert-output-format-thread-1" daemon [_thread_blocked, id=41000, stack(0x000000004ddd0000,0x000000004ded0000)]
  0x000000004040a800 JavaThread "jdbc-upsert-output-format-thread-1" daemon [_thread_blocked, id=39196, stack(0x000000004dcd0000,0x000000004ddd0000)]
  0x000000004040d800 JavaThread "jdbc-upsert-output-format-thread-1" daemon [_thread_blocked, id=39000, stack(0x000000004dbd0000,0x000000004dcd0000)]
  0x0000000040695000 JavaThread "jdbc-upsert-output-format-thread-1" daemon [_thread_blocked, id=40440, stack(0x000000004dad0000,0x000000004dbd0000)]
  0x0000000040697000 JavaThread "System Time Trigger for Source: kafka_search_log_source -> kafka_record_counter -> log_parser_with_validation -> filter_search_logs -> keyword_extractor_with_validation (15/16)#0" daemon [_thread_blocked, id=13816, stack(0x000000004d7d0000,0x000000004d8d0000)]
  0x0000000040696800 JavaThread "System Time Trigger for Source: kafka_search_log_source -> kafka_record_counter -> log_parser_with_validation -> filter_search_logs -> keyword_extractor_with_validation (2/16)#0" daemon [_thread_blocked, id=29940, stack(0x000000004d6d0000,0x000000004d7d0000)]
  0x0000000040698000 JavaThread "System Time Trigger for Source: kafka_search_log_source -> kafka_record_counter -> log_parser_with_validation -> filter_search_logs -> keyword_extractor_with_validation (9/16)#0" daemon [_thread_blocked, id=26944, stack(0x000000004d5d0000,0x000000004d6d0000)]
  0x0000000040695800 JavaThread "System Time Trigger for Source: kafka_search_log_source -> kafka_record_counter -> log_parser_with_validation -> filter_search_logs -> keyword_extractor_with_validation (8/16)#0" daemon [_thread_blocked, id=8012, stack(0x000000004d4d0000,0x000000004d5d0000)]
  0x0000000040691000 JavaThread "System Time Trigger for Source: kafka_search_log_source -> kafka_record_counter -> log_parser_with_validation -> filter_search_logs -> keyword_extractor_with_validation (7/16)#0" daemon [_thread_blocked, id=29984, stack(0x000000004d3d0000,0x000000004d4d0000)]
  0x0000000040692800 JavaThread "System Time Trigger for Source: kafka_search_log_source -> kafka_record_counter -> log_parser_with_validation -> filter_search_logs -> keyword_extractor_with_validation (11/16)#0" daemon [_thread_blocked, id=21016, stack(0x000000004d2d0000,0x000000004d3d0000)]
  0x0000000040694000 JavaThread "System Time Trigger for Source: kafka_search_log_source -> kafka_record_counter -> log_parser_with_validation -> filter_search_logs -> keyword_extractor_with_validation (13/16)#0" daemon [_thread_blocked, id=29804, stack(0x000000004d1d0000,0x000000004d2d0000)]
  0x0000000040692000 JavaThread "System Time Trigger for Source: kafka_search_log_source -> kafka_record_counter -> log_parser_with_validation -> filter_search_logs -> keyword_extractor_with_validation (14/16)#0" daemon [_thread_blocked, id=23124, stack(0x000000004d0d0000,0x000000004d1d0000)]
  0x0000000040693800 JavaThread "System Time Trigger for Source: kafka_search_log_source -> kafka_record_counter -> log_parser_with_validation -> filter_search_logs -> keyword_extractor_with_validation (16/16)#0" daemon [_thread_blocked, id=2024, stack(0x000000004cfd0000,0x000000004d0d0000)]
  0x000000004068e000 JavaThread "System Time Trigger for Source: kafka_search_log_source -> kafka_record_counter -> log_parser_with_validation -> filter_search_logs -> keyword_extractor_with_validation (5/16)#0" daemon [_thread_blocked, id=26656, stack(0x000000004c8b0000,0x000000004c9b0000)]
  0x000000004068d800 JavaThread "System Time Trigger for Source: kafka_search_log_source -> kafka_record_counter -> log_parser_with_validation -> filter_search_logs -> keyword_extractor_with_validation (10/16)#0" daemon [_thread_blocked, id=9804, stack(0x000000004c3b0000,0x000000004c4b0000)]
  0x0000000040690800 JavaThread "System Time Trigger for Source: kafka_search_log_source -> kafka_record_counter -> log_parser_with_validation -> filter_search_logs -> keyword_extractor_with_validation (1/16)#0" daemon [_thread_blocked, id=30976, stack(0x000000004c0b0000,0x000000004c1b0000)]
  0x000000004068a800 JavaThread "System Time Trigger for Source: kafka_search_log_source -> kafka_record_counter -> log_parser_with_validation -> filter_search_logs -> keyword_extractor_with_validation (12/16)#0" daemon [_thread_blocked, id=23384, stack(0x000000004b990000,0x000000004ba90000)]
  0x000000004068b000 JavaThread "System Time Trigger for Source: kafka_search_log_source -> kafka_record_counter -> log_parser_with_validation -> filter_search_logs -> keyword_extractor_with_validation (6/16)#0" daemon [_thread_blocked, id=20096, stack(0x000000004b690000,0x000000004b790000)]
  0x0000000040689800 JavaThread "System Time Trigger for Source: kafka_search_log_source -> kafka_record_counter -> log_parser_with_validation -> filter_search_logs -> keyword_extractor_with_validation (3/16)#0" daemon [_thread_blocked, id=41444, stack(0x000000004ae40000,0x000000004af40000)]
  0x000000004068f800 JavaThread "Time Trigger for Source: kafka_search_log_source -> kafka_record_counter -> log_parser_with_validation -> filter_search_logs -> keyword_extractor_with_validation (2/16)#0" daemon [_thread_blocked, id=9508, stack(0x000000004b790000,0x000000004b890000)]
  0x000000004068f000 JavaThread "Time Trigger for Source: kafka_search_log_source -> kafka_record_counter -> log_parser_with_validation -> filter_search_logs -> keyword_extractor_with_validation (13/16)#0" daemon [_thread_blocked, id=20760, stack(0x000000004ccb0000,0x000000004cdb0000)]
  0x0000000040689000 JavaThread "Time Trigger for Source: kafka_search_log_source -> kafka_record_counter -> log_parser_with_validation -> filter_search_logs -> keyword_extractor_with_validation (16/16)#0" daemon [_thread_blocked, id=23944, stack(0x000000004c9b0000,0x000000004cab0000)]
  0x000000004068c000 JavaThread "Time Trigger for Source: kafka_search_log_source -> kafka_record_counter -> log_parser_with_validation -> filter_search_logs -> keyword_extractor_with_validation (5/16)#0" daemon [_thread_blocked, id=22656, stack(0x000000004c7b0000,0x000000004c8b0000)]
  0x0000000040417800 JavaThread "Time Trigger for Source: kafka_search_log_source -> kafka_record_counter -> log_parser_with_validation -> filter_search_logs -> keyword_extractor_with_validation (10/16)#0" daemon [_thread_blocked, id=20620, stack(0x000000004ba90000,0x000000004bb90000)]
  0x0000000040413800 JavaThread "Time Trigger for Source: kafka_search_log_source -> kafka_record_counter -> log_parser_with_validation -> filter_search_logs -> keyword_extractor_with_validation (8/16)#0" daemon [_thread_blocked, id=20608, stack(0x000000004c4b0000,0x000000004c5b0000)]
  0x0000000040413000 JavaThread "Time Trigger for Source: kafka_search_log_source -> kafka_record_counter -> log_parser_with_validation -> filter_search_logs -> keyword_extractor_with_validation (6/16)#0" daemon [_thread_blocked, id=34404, stack(0x000000004c2b0000,0x000000004c3b0000)]
  0x0000000040414800 JavaThread "Time Trigger for Source: kafka_search_log_source -> kafka_record_counter -> log_parser_with_validation -> filter_search_logs -> keyword_extractor_with_validation (9/16)#0" daemon [_thread_blocked, id=3680, stack(0x000000004c1b0000,0x000000004c2b0000)]
  0x0000000040415000 JavaThread "Time Trigger for Source: kafka_search_log_source -> kafka_record_counter -> log_parser_with_validation -> filter_search_logs -> keyword_extractor_with_validation (11/16)#0" daemon [_thread_blocked, id=14228, stack(0x000000004bfb0000,0x000000004c0b0000)]
  0x000000004040f000 JavaThread "Time Trigger for Source: kafka_search_log_source -> kafka_record_counter -> log_parser_with_validation -> filter_search_logs -> keyword_extractor_with_validation (12/16)#0" daemon [_thread_blocked, id=37672, stack(0x000000004beb0000,0x000000004bfb0000)]
  0x0000000040410800 JavaThread "Time Trigger for Source: kafka_search_log_source -> kafka_record_counter -> log_parser_with_validation -> filter_search_logs -> keyword_extractor_with_validation (14/16)#0" daemon [_thread_blocked, id=27644, stack(0x000000004bbb0000,0x000000004bcb0000)]
  0x000000004040e800 JavaThread "Time Trigger for Source: kafka_search_log_source -> kafka_record_counter -> log_parser_with_validation -> filter_search_logs -> keyword_extractor_with_validation (7/16)#0" daemon [_thread_blocked, id=22212, stack(0x000000004b890000,0x000000004b990000)]
  0x0000000040409800 JavaThread "Time Trigger for Source: kafka_search_log_source -> kafka_record_counter -> log_parser_with_validation -> filter_search_logs -> keyword_extractor_with_validation (15/16)#0" daemon [_thread_blocked, id=41328, stack(0x000000004b590000,0x000000004b690000)]
  0x000000004040d000 JavaThread "Time Trigger for Source: kafka_search_log_source -> kafka_record_counter -> log_parser_with_validation -> filter_search_logs -> keyword_extractor_with_validation (3/16)#0" daemon [_thread_blocked, id=9200, stack(0x000000004b490000,0x000000004b590000)]
  0x0000000040409000 JavaThread "Time Trigger for Source: kafka_search_log_source -> kafka_record_counter -> log_parser_with_validation -> filter_search_logs -> keyword_extractor_with_validation (1/16)#0" daemon [_thread_blocked, id=2884, stack(0x000000004b390000,0x000000004b490000)]
  0x000000004040c000 JavaThread "Time Trigger for Source: kafka_search_log_source -> kafka_record_counter -> log_parser_with_validation -> filter_search_logs -> keyword_extractor_with_validation (4/16)#0" daemon [_thread_blocked, id=38100, stack(0x0000000049c30000,0x0000000049d30000)]
  0x000000004040b800 JavaThread "global_top10_aggregator -> (Sink: Write Global Top10 to Doris, Sink: Print to Std. Out) (16/16)#0" [_thread_blocked, id=21612, stack(0x0000000049d70000,0x0000000049e70000)]
  0x000000003f4a1000 JavaThread "global_top10_aggregator -> (Sink: Write Global Top10 to Doris, Sink: Print to Std. Out) (15/16)#0" [_thread_blocked, id=34828, stack(0x0000000049b30000,0x0000000049c30000)]
  0x000000003f49f800 JavaThread "global_top10_aggregator -> (Sink: Write Global Top10 to Doris, Sink: Print to Std. Out) (14/16)#0" [_thread_blocked, id=34612, stack(0x0000000049a30000,0x0000000049b30000)]
  0x000000003f4a0000 JavaThread "global_top10_aggregator -> (Sink: Write Global Top10 to Doris, Sink: Print to Std. Out) (13/16)#0" [_thread_blocked, id=24740, stack(0x0000000049930000,0x0000000049a30000)]
  0x000000003f49b800 JavaThread "global_top10_aggregator -> (Sink: Write Global Top10 to Doris, Sink: Print to Std. Out) (12/16)#0" [_thread_blocked, id=1980, stack(0x0000000049710000,0x0000000049810000)]
  0x000000003f49c800 JavaThread "global_top10_aggregator -> (Sink: Write Global Top10 to Doris, Sink: Print to Std. Out) (11/16)#0" [_thread_blocked, id=13136, stack(0x0000000049830000,0x0000000049930000)]
  0x000000003f49d000 JavaThread "global_top10_aggregator -> (Sink: Write Global Top10 to Doris, Sink: Print to Std. Out) (10/16)#0" [_thread_blocked, id=7560, stack(0x0000000049610000,0x0000000049710000)]
  0x000000003f49e800 JavaThread "global_top10_aggregator -> (Sink: Write Global Top10 to Doris, Sink: Print to Std. Out) (9/16)#0" [_thread_blocked, id=40100, stack(0x0000000049510000,0x0000000049610000)]
  0x000000003f49e000 JavaThread "global_top10_aggregator -> (Sink: Write Global Top10 to Doris, Sink: Print to Std. Out) (8/16)#0" [_thread_blocked, id=17904, stack(0x0000000049410000,0x0000000049510000)]
  0x000000003f498000 JavaThread "global_top10_aggregator -> (Sink: Write Global Top10 to Doris, Sink: Print to Std. Out) (7/16)#0" [_thread_blocked, id=19952, stack(0x0000000049310000,0x0000000049410000)]
  0x000000003f49b000 JavaThread "global_top10_aggregator -> (Sink: Write Global Top10 to Doris, Sink: Print to Std. Out) (6/16)#0" [_thread_blocked, id=28464, stack(0x0000000049210000,0x0000000049310000)]
  0x000000003f497000 JavaThread "global_top10_aggregator -> (Sink: Write Global Top10 to Doris, Sink: Print to Std. Out) (5/16)#0" [_thread_blocked, id=33852, stack(0x0000000049110000,0x0000000049210000)]
  0x000000003f49a000 JavaThread "global_top10_aggregator -> (Sink: Write Global Top10 to Doris, Sink: Print to Std. Out) (4/16)#0" [_thread_blocked, id=5496, stack(0x0000000049010000,0x0000000049110000)]
  0x000000003f496800 JavaThread "global_top10_aggregator -> (Sink: Write Global Top10 to Doris, Sink: Print to Std. Out) (3/16)#0" [_thread_blocked, id=25968, stack(0x0000000048f10000,0x0000000049010000)]
  0x000000003f499800 JavaThread "global_top10_aggregator -> (Sink: Write Global Top10 to Doris, Sink: Print to Std. Out) (2/16)#0" [_thread_blocked, id=20932, stack(0x0000000048e10000,0x0000000048f10000)]
  0x000000003f495800 JavaThread "OutputFlusher for keyword_top10_statistics -> (Sink: Write Keyword Stats to Doris, Sink: Print to Std. Out) (16/16)#0" daemon [_thread_blocked, id=8308, stack(0x0000000048d10000,0x0000000048e10000)]
  0x000000003f498800 JavaThread "global_top10_aggregator -> (Sink: Write Global Top10 to Doris, Sink: Print to Std. Out) (1/16)#0" [_thread_blocked, id=38500, stack(0x0000000048c10000,0x0000000048d10000)]
  0x000000003f492000 JavaThread "OutputFlusher for keyword_top10_statistics -> (Sink: Write Keyword Stats to Doris, Sink: Print to Std. Out) (14/16)#0" daemon [_thread_blocked, id=18160, stack(0x0000000048b10000,0x0000000048c10000)]
  0x000000003f495000 JavaThread "OutputFlusher for keyword_top10_statistics -> (Sink: Write Keyword Stats to Doris, Sink: Print to Std. Out) (15/16)#0" daemon [_thread_blocked, id=2896, stack(0x0000000048a10000,0x0000000048b10000)]
  0x000000003f493800 JavaThread "keyword_top10_statistics -> (Sink: Write Keyword Stats to Doris, Sink: Print to Std. Out) (16/16)#0" [_thread_blocked, id=35228, stack(0x0000000048710000,0x0000000048810000)]
  0x000000003f492800 JavaThread "keyword_top10_statistics -> (Sink: Write Keyword Stats to Doris, Sink: Print to Std. Out) (15/16)#0" [_thread_blocked, id=32916, stack(0x0000000048610000,0x0000000048710000)]
  0x000000003f494000 JavaThread "OutputFlusher for keyword_top10_statistics -> (Sink: Write Keyword Stats to Doris, Sink: Print to Std. Out) (13/16)#0" daemon [_thread_blocked, id=40388, stack(0x0000000048510000,0x0000000048610000)]
  0x000000003f6cb000 JavaThread "keyword_top10_statistics -> (Sink: Write Keyword Stats to Doris, Sink: Print to Std. Out) (14/16)#0" [_thread_blocked, id=22624, stack(0x0000000048410000,0x0000000048510000)]
  0x000000003f6c9000 JavaThread "OutputFlusher for keyword_top10_statistics -> (Sink: Write Keyword Stats to Doris, Sink: Print to Std. Out) (12/16)#0" daemon [_thread_blocked, id=16936, stack(0x0000000048310000,0x0000000048410000)]
  0x000000003f6c9800 JavaThread "keyword_top10_statistics -> (Sink: Write Keyword Stats to Doris, Sink: Print to Std. Out) (13/16)#0" [_thread_blocked, id=3236, stack(0x0000000048210000,0x0000000048310000)]
  0x000000003f6ca800 JavaThread "OutputFlusher for keyword_top10_statistics -> (Sink: Write Keyword Stats to Doris, Sink: Print to Std. Out) (11/16)#0" daemon [_thread_blocked, id=10920, stack(0x0000000048110000,0x0000000048210000)]
=>0x000000003f6c8000 JavaThread "keyword_top10_statistics -> (Sink: Write Keyword Stats to Doris, Sink: Print to Std. Out) (12/16)#0" [_thread_in_native, id=38972, stack(0x0000000048010000,0x0000000048110000)]
  0x000000003f6c6000 JavaThread "keyword_top10_statistics -> (Sink: Write Keyword Stats to Doris, Sink: Print to Std. Out) (11/16)#0" [_thread_blocked, id=21456, stack(0x0000000047f10000,0x0000000048010000)]
  0x000000003f6c7800 JavaThread "OutputFlusher for keyword_top10_statistics -> (Sink: Write Keyword Stats to Doris, Sink: Print to Std. Out) (10/16)#0" daemon [_thread_blocked, id=32904, stack(0x0000000047e10000,0x0000000047f10000)]
  0x000000003f6c5000 JavaThread "keyword_top10_statistics -> (Sink: Write Keyword Stats to Doris, Sink: Print to Std. Out) (10/16)#0" [_thread_blocked, id=40256, stack(0x0000000047d10000,0x0000000047e10000)]
  0x000000003f6c6800 JavaThread "OutputFlusher for keyword_top10_statistics -> (Sink: Write Keyword Stats to Doris, Sink: Print to Std. Out) (9/16)#0" daemon [_thread_blocked, id=34488, stack(0x0000000047c10000,0x0000000047d10000)]
  0x000000003f6c1800 JavaThread "keyword_top10_statistics -> (Sink: Write Keyword Stats to Doris, Sink: Print to Std. Out) (9/16)#0" [_thread_blocked, id=6016, stack(0x0000000047b10000,0x0000000047c10000)]
  0x000000003f6c4800 JavaThread "OutputFlusher for keyword_top10_statistics -> (Sink: Write Keyword Stats to Doris, Sink: Print to Std. Out) (8/16)#0" daemon [_thread_blocked, id=10564, stack(0x0000000047a10000,0x0000000047b10000)]
  0x000000003f6c0800 JavaThread "keyword_top10_statistics -> (Sink: Write Keyword Stats to Doris, Sink: Print to Std. Out) (8/16)#0" [_thread_blocked, id=5208, stack(0x0000000047910000,0x0000000047a10000)]
  0x000000003f6c3800 JavaThread "OutputFlusher for keyword_top10_statistics -> (Sink: Write Keyword Stats to Doris, Sink: Print to Std. Out) (7/16)#0" daemon [_thread_blocked, id=25560, stack(0x0000000047810000,0x0000000047910000)]
  0x000000003f6c0000 JavaThread "keyword_top10_statistics -> (Sink: Write Keyword Stats to Doris, Sink: Print to Std. Out) (7/16)#0" [_thread_blocked, id=6752, stack(0x0000000047710000,0x0000000047810000)]
  0x000000003f6c3000 JavaThread "OutputFlusher for keyword_top10_statistics -> (Sink: Write Keyword Stats to Doris, Sink: Print to Std. Out) (6/16)#0" daemon [_thread_blocked, id=16928, stack(0x0000000047610000,0x0000000047710000)]
  0x000000003f6c2000 JavaThread "keyword_top10_statistics -> (Sink: Write Keyword Stats to Doris, Sink: Print to Std. Out) (6/16)#0" [_thread_blocked, id=12656, stack(0x0000000047510000,0x0000000047610000)]
  0x000000003f6bc000 JavaThread "OutputFlusher for keyword_top10_statistics -> (Sink: Write Keyword Stats to Doris, Sink: Print to Std. Out) (5/16)#0" daemon [_thread_blocked, id=12992, stack(0x0000000047410000,0x0000000047510000)]
  0x000000003f6bd800 JavaThread "OutputFlusher for keyword_top10_statistics -> (Sink: Write Keyword Stats to Doris, Sink: Print to Std. Out) (4/16)#0" daemon [_thread_blocked, id=26340, stack(0x0000000047310000,0x0000000047410000)]
  0x000000003f6bd000 JavaThread "keyword_top10_statistics -> (Sink: Write Keyword Stats to Doris, Sink: Print to Std. Out) (5/16)#0" [_thread_blocked, id=11440, stack(0x0000000047210000,0x0000000047310000)]
  0x000000003f6be800 JavaThread "keyword_top10_statistics -> (Sink: Write Keyword Stats to Doris, Sink: Print to Std. Out) (4/16)#0" [_thread_blocked, id=41304, stack(0x0000000047110000,0x0000000047210000)]
  0x000000003f6bf000 JavaThread "OutputFlusher for keyword_top10_statistics -> (Sink: Write Keyword Stats to Doris, Sink: Print to Std. Out) (3/16)#0" daemon [_thread_blocked, id=1284, stack(0x0000000047010000,0x0000000047110000)]
  0x000000003f721800 JavaThread "OutputFlusher for keyword_top10_statistics -> (Sink: Write Keyword Stats to Doris, Sink: Print to Std. Out) (2/16)#0" daemon [_thread_blocked, id=23140, stack(0x0000000046f10000,0x0000000047010000)]
  0x000000003f720800 JavaThread "OutputFlusher for keyword_top10_statistics -> (Sink: Write Keyword Stats to Doris, Sink: Print to Std. Out) (1/16)#0" daemon [_thread_blocked, id=12972, stack(0x0000000046e10000,0x0000000046f10000)]
  0x000000003f71f000 JavaThread "keyword_top10_statistics -> (Sink: Write Keyword Stats to Doris, Sink: Print to Std. Out) (3/16)#0" [_thread_blocked, id=14916, stack(0x0000000046d10000,0x0000000046e10000)]
  0x000000003f720000 JavaThread "keyword_top10_statistics -> (Sink: Write Keyword Stats to Doris, Sink: Print to Std. Out) (2/16)#0" [_thread_blocked, id=38700, stack(0x0000000046c10000,0x0000000046d10000)]
  0x000000003f71e800 JavaThread "keyword_top10_statistics -> (Sink: Write Keyword Stats to Doris, Sink: Print to Std. Out) (1/16)#0" [_thread_blocked, id=21012, stack(0x0000000046b10000,0x0000000046c10000)]
  0x000000003f71c000 JavaThread "OutputFlusher for Source: kafka_search_log_source -> kafka_record_counter -> log_parser_with_validation -> filter_search_logs -> keyword_extractor_with_validation (13/16)#0" daemon [_thread_blocked, id=34888, stack(0x0000000046a10000,0x0000000046b10000)]
  0x000000003f71d000 JavaThread "OutputFlusher for Source: kafka_search_log_source -> kafka_record_counter -> log_parser_with_validation -> filter_search_logs -> keyword_extractor_with_validation (6/16)#0" daemon [_thread_blocked, id=41204, stack(0x0000000046910000,0x0000000046a10000)]
  0x000000003f71d800 JavaThread "OutputFlusher for Source: kafka_search_log_source -> kafka_record_counter -> log_parser_with_validation -> filter_search_logs -> keyword_extractor_with_validation (12/16)#0" daemon [_thread_blocked, id=2948, stack(0x0000000046810000,0x0000000046910000)]
  0x000000003f717800 JavaThread "OutputFlusher for Source: kafka_search_log_source -> kafka_record_counter -> log_parser_with_validation -> filter_search_logs -> keyword_extractor_with_validation (10/16)#0" daemon [_thread_blocked, id=23104, stack(0x0000000046710000,0x0000000046810000)]
  0x000000003f71a000 JavaThread "OutputFlusher for Source: kafka_search_log_source -> kafka_record_counter -> log_parser_with_validation -> filter_search_logs -> keyword_extractor_with_validation (15/16)#0" daemon [_thread_blocked, id=23540, stack(0x0000000046610000,0x0000000046710000)]
  0x000000003f71a800 JavaThread "OutputFlusher for Source: kafka_search_log_source -> kafka_record_counter -> log_parser_with_validation -> filter_search_logs -> keyword_extractor_with_validation (8/16)#0" daemon [_thread_blocked, id=8588, stack(0x0000000046510000,0x0000000046610000)]
  0x000000003f716000 JavaThread "OutputFlusher for Source: kafka_search_log_source -> kafka_record_counter -> log_parser_with_validation -> filter_search_logs -> keyword_extractor_with_validation (16/16)#0" daemon [_thread_blocked, id=16024, stack(0x0000000046410000,0x0000000046510000)]
  0x000000003f718800 JavaThread "OutputFlusher for Source: kafka_search_log_source -> kafka_record_counter -> log_parser_with_validation -> filter_search_logs -> keyword_extractor_with_validation (14/16)#0" daemon [_thread_blocked, id=8152, stack(0x0000000046310000,0x0000000046410000)]
  0x000000003f717000 JavaThread "OutputFlusher for Source: kafka_search_log_source -> kafka_record_counter -> log_parser_with_validation -> filter_search_logs -> keyword_extractor_with_validation (1/16)#0" daemon [_thread_blocked, id=5640, stack(0x0000000046210000,0x0000000046310000)]
  0x000000003f719000 JavaThread "OutputFlusher for Source: kafka_search_log_source -> kafka_record_counter -> log_parser_with_validation -> filter_search_logs -> keyword_extractor_with_validation (3/16)#0" daemon [_thread_blocked, id=41124, stack(0x0000000046110000,0x0000000046210000)]
  0x000000003f712800 JavaThread "OutputFlusher for Source: kafka_search_log_source -> kafka_record_counter -> log_parser_with_validation -> filter_search_logs -> keyword_extractor_with_validation (5/16)#0" daemon [_thread_blocked, id=40900, stack(0x0000000046010000,0x0000000046110000)]
  0x000000003f713000 JavaThread "OutputFlusher for Source: kafka_search_log_source -> kafka_record_counter -> log_parser_with_validation -> filter_search_logs -> keyword_extractor_with_validation (4/16)#0" daemon [_thread_blocked, id=22328, stack(0x0000000045f10000,0x0000000046010000)]
  0x000000003f714000 JavaThread "OutputFlusher for Source: kafka_search_log_source -> kafka_record_counter -> log_parser_with_validation -> filter_search_logs -> keyword_extractor_with_validation (7/16)#0" daemon [_thread_blocked, id=14192, stack(0x0000000045e10000,0x0000000045f10000)]
  0x000000003f715800 JavaThread "OutputFlusher for Source: kafka_search_log_source -> kafka_record_counter -> log_parser_with_validation -> filter_search_logs -> keyword_extractor_with_validation (2/16)#0" daemon [_thread_blocked, id=20168, stack(0x0000000045d10000,0x0000000045e10000)]
  0x000000003f714800 JavaThread "OutputFlusher for Source: kafka_search_log_source -> kafka_record_counter -> log_parser_with_validation -> filter_search_logs -> keyword_extractor_with_validation (11/16)#0" daemon [_thread_blocked, id=17980, stack(0x0000000045c10000,0x0000000045d10000)]
  0x000000003efc2800 JavaThread "OutputFlusher for Source: kafka_search_log_source -> kafka_record_counter -> log_parser_with_validation -> filter_search_logs -> keyword_extractor_with_validation (9/16)#0" daemon [_thread_blocked, id=14292, stack(0x0000000045b10000,0x0000000045c10000)]
  0x000000003efc3800 JavaThread "Source: kafka_search_log_source -> kafka_record_counter -> log_parser_with_validation -> filter_search_logs -> keyword_extractor_with_validation (16/16)#0" [_thread_blocked, id=38616, stack(0x0000000045810000,0x0000000045910000)]
  0x000000003efc2000 JavaThread "Source: kafka_search_log_source -> kafka_record_counter -> log_parser_with_validation -> filter_search_logs -> keyword_extractor_with_validation (15/16)#0" [_thread_blocked, id=18344, stack(0x0000000045710000,0x0000000045810000)]
  0x000000003efbe000 JavaThread "Source: kafka_search_log_source -> kafka_record_counter -> log_parser_with_validation -> filter_search_logs -> keyword_extractor_with_validation (14/16)#0" [_thread_blocked, id=34368, stack(0x0000000045610000,0x0000000045710000)]
  0x000000003efc0800 JavaThread "Source: kafka_search_log_source -> kafka_record_counter -> log_parser_with_validation -> filter_search_logs -> keyword_extractor_with_validation (13/16)#0" [_thread_blocked, id=8312, stack(0x0000000045510000,0x0000000045610000)]
  0x000000003efbe800 JavaThread "Source: kafka_search_log_source -> kafka_record_counter -> log_parser_with_validation -> filter_search_logs -> keyword_extractor_with_validation (12/16)#0" [_thread_blocked, id=19080, stack(0x0000000045410000,0x0000000045510000)]
  0x000000003efbf800 JavaThread "Source: kafka_search_log_source -> kafka_record_counter -> log_parser_with_validation -> filter_search_logs -> keyword_extractor_with_validation (11/16)#0" [_thread_blocked, id=17860, stack(0x0000000045310000,0x0000000045410000)]
  0x000000003efc1000 JavaThread "Source: kafka_search_log_source -> kafka_record_counter -> log_parser_with_validation -> filter_search_logs -> keyword_extractor_with_validation (10/16)#0" [_thread_blocked, id=33276, stack(0x0000000045210000,0x0000000045310000)]
  0x000000003efba000 JavaThread "Source: kafka_search_log_source -> kafka_record_counter -> log_parser_with_validation -> filter_search_logs -> keyword_extractor_with_validation (9/16)#0" [_thread_blocked, id=36536, stack(0x0000000045110000,0x0000000045210000)]
  0x000000003efbc800 JavaThread "Source: kafka_search_log_source -> kafka_record_counter -> log_parser_with_validation -> filter_search_logs -> keyword_extractor_with_validation (8/16)#0" [_thread_blocked, id=13632, stack(0x0000000045010000,0x0000000045110000)]
  0x000000003efbd000 JavaThread "Source: kafka_search_log_source -> kafka_record_counter -> log_parser_with_validation -> filter_search_logs -> keyword_extractor_with_validation (7/16)#0" [_thread_blocked, id=16960, stack(0x0000000044f10000,0x0000000045010000)]
  0x000000003efbb000 JavaThread "Source: kafka_search_log_source -> kafka_record_counter -> log_parser_with_validation -> filter_search_logs -> keyword_extractor_with_validation (6/16)#0" [_thread_blocked, id=41576, stack(0x0000000044e10000,0x0000000044f10000)]
  0x000000003efb9800 JavaThread "Source: kafka_search_log_source -> kafka_record_counter -> log_parser_with_validation -> filter_search_logs -> keyword_extractor_with_validation (5/16)#0" [_thread_blocked, id=41556, stack(0x0000000044d10000,0x0000000044e10000)]
  0x000000003efbb800 JavaThread "Source: kafka_search_log_source -> kafka_record_counter -> log_parser_with_validation -> filter_search_logs -> keyword_extractor_with_validation (4/16)#0" [_thread_blocked, id=19712, stack(0x0000000044c10000,0x0000000044d10000)]
  0x000000003efb5800 JavaThread "Source: kafka_search_log_source -> kafka_record_counter -> log_parser_with_validation -> filter_search_logs -> keyword_extractor_with_validation (3/16)#0" [_thread_blocked, id=24872, stack(0x0000000044b10000,0x0000000044c10000)]
  0x000000003efb8800 JavaThread "Source: kafka_search_log_source -> kafka_record_counter -> log_parser_with_validation -> filter_search_logs -> keyword_extractor_with_validation (2/16)#0" [_thread_blocked, id=25544, stack(0x0000000044a10000,0x0000000044b10000)]
  0x000000003efb8000 JavaThread "CloseableReaperThread" daemon [_thread_blocked, id=23976, stack(0x0000000044910000,0x0000000044a10000)]
  0x000000003efb6800 JavaThread "Source: kafka_search_log_source -> kafka_record_counter -> log_parser_with_validation -> filter_search_logs -> keyword_extractor_with_validation (1/16)#0" [_thread_blocked, id=28560, stack(0x0000000044810000,0x0000000044910000)]
  0x000000003efb7000 JavaThread "jobmanager-future-thread-16" daemon [_thread_blocked, id=5984, stack(0x0000000044510000,0x0000000044610000)]
  0x000000003efb4000 JavaThread "jobmanager-future-thread-15" daemon [_thread_blocked, id=36356, stack(0x0000000044410000,0x0000000044510000)]
  0x000000003efb5000 JavaThread "jobmanager-future-thread-14" daemon [_thread_blocked, id=14300, stack(0x0000000044310000,0x0000000044410000)]
  0x000000003e431800 JavaThread "jobmanager-future-thread-13" daemon [_thread_blocked, id=32492, stack(0x0000000044210000,0x0000000044310000)]
  0x000000003e42f800 JavaThread "jobmanager-future-thread-12" daemon [_thread_blocked, id=3648, stack(0x0000000044110000,0x0000000044210000)]
  0x000000003e42d800 JavaThread "jobmanager-future-thread-11" daemon [_thread_blocked, id=29428, stack(0x0000000044010000,0x0000000044110000)]
  0x000000003e42f000 JavaThread "jobmanager-future-thread-10" daemon [_thread_blocked, id=26904, stack(0x0000000043f10000,0x0000000044010000)]
  0x000000003e430800 JavaThread "jobmanager-future-thread-9" daemon [_thread_blocked, id=15860, stack(0x0000000043e10000,0x0000000043f10000)]
  0x000000003e42e000 JavaThread "jobmanager-future-thread-8" daemon [_thread_blocked, id=39120, stack(0x0000000043d10000,0x0000000043e10000)]
  0x000000003e429800 JavaThread "jobmanager-future-thread-7" daemon [_thread_blocked, id=37168, stack(0x0000000043c10000,0x0000000043d10000)]
  0x000000003e42c000 JavaThread "jobmanager-future-thread-6" daemon [_thread_blocked, id=16788, stack(0x0000000043b10000,0x0000000043c10000)]
  0x000000003e42c800 JavaThread "jobmanager-future-thread-5" daemon [_thread_blocked, id=26440, stack(0x0000000043a10000,0x0000000043b10000)]
  0x000000003e42b000 JavaThread "jobmanager-future-thread-4" daemon [_thread_blocked, id=19588, stack(0x0000000043910000,0x0000000043a10000)]
  0x000000003e429000 JavaThread "jobmanager-future-thread-3" daemon [_thread_blocked, id=40788, stack(0x0000000043810000,0x0000000043910000)]
  0x000000003e42a800 JavaThread "jobmanager-future-thread-2" daemon [_thread_blocked, id=10676, stack(0x0000000043710000,0x0000000043810000)]
  0x000000003e425000 JavaThread "pool-1-thread-1" [_thread_blocked, id=21996, stack(0x0000000043610000,0x0000000043710000)]
  0x000000003e428000 JavaThread "SourceCoordinator-Source: kafka_search_log_source-worker-thread-1" daemon [_thread_blocked, id=40356, stack(0x0000000043510000,0x0000000043610000)]
  0x000000003e427800 JavaThread "kafka-admin-client-thread | search-keyword-statistics-1762171203019-enumerator-admin-client" daemon [_thread_in_native, id=26408, stack(0x0000000043410000,0x0000000043510000)]
  0x000000003e423800 JavaThread "jobmanager-future-thread-1" daemon [_thread_blocked, id=31216, stack(0x0000000043110000,0x0000000043210000)]
  0x000000003e426800 JavaThread "Checkpoint Timer" daemon [_thread_blocked, id=25148, stack(0x0000000043010000,0x0000000043110000)]
  0x000000003e426000 JavaThread "SourceCoordinator-Source: kafka_search_log_source" [_thread_blocked, id=23272, stack(0x0000000042f10000,0x0000000043010000)]
  0x000000003e422000 JavaThread "jobmanager_3-main-scheduler-thread-1" daemon [_thread_blocked, id=3608, stack(0x0000000042e10000,0x0000000042f10000)]
  0x000000003e423000 JavaThread "IPC Parameter Sending Thread #0" daemon [_thread_blocked, id=32960, stack(0x0000000042d10000,0x0000000042e10000)]
  0x000000003e424800 JavaThread "IPC Client (1639078469) connection to cdh01/192.168.200.30:8020 from root" daemon [_thread_blocked, id=41708, stack(0x0000000042c10000,0x0000000042d10000)]
  0x0000000037cc7800 JavaThread "org.apache.hadoop.fs.FileSystem$Statistics$StatisticsDataReferenceCleaner" daemon [_thread_blocked, id=32968, stack(0x0000000042410000,0x0000000042510000)]
  0x0000000037cc7000 JavaThread "jobmanager-io-thread-1" daemon [_thread_blocked, id=27264, stack(0x0000000041f10000,0x0000000042010000)]
  0x0000000037cc6000 JavaThread "taskmanager_0-main-scheduler-thread-1" daemon [_thread_blocked, id=35788, stack(0x0000000041e10000,0x0000000041f10000)]
  0x0000000037cc5800 JavaThread "flink-akka.actor.default-dispatcher-8" [_thread_blocked, id=5576, stack(0x0000000041d10000,0x0000000041e10000)]
  0x0000000037cc8800 JavaThread "ForkJoinPool.commonPool-worker-11" daemon [_thread_blocked, id=25892, stack(0x0000000041c10000,0x0000000041d10000)]
  0x0000000037cc1800 JavaThread "ForkJoinPool.commonPool-worker-2" daemon [_thread_blocked, id=37752, stack(0x0000000041b10000,0x0000000041c10000)]
  0x0000000037cc4000 JavaThread "flink-akka.actor.default-dispatcher-6" [_thread_blocked, id=40640, stack(0x0000000041710000,0x0000000041810000)]
  0x0000000037cc3000 JavaThread "resourcemanager_1-main-scheduler-thread-1" daemon [_thread_blocked, id=37696, stack(0x0000000041610000,0x0000000041710000)]
  0x0000000037cc2800 JavaThread "mini-cluster-io-thread-4" daemon [_thread_blocked, id=23412, stack(0x0000000041510000,0x0000000041610000)]
  0x0000000037cbe000 JavaThread "pool-2-thread-1" [_thread_blocked, id=31440, stack(0x0000000041410000,0x0000000041510000)]
  0x0000000037cc1000 JavaThread "mini-cluster-io-thread-3" daemon [_thread_blocked, id=40184, stack(0x0000000041310000,0x0000000041410000)]
  0x0000000037cc0000 JavaThread "mini-cluster-io-thread-2" daemon [_thread_blocked, id=41624, stack(0x0000000041210000,0x0000000041310000)]
  0x0000000037cbd000 JavaThread "Flink-DispatcherRestEndpoint-thread-1" daemon [_thread_blocked, id=39024, stack(0x0000000041110000,0x0000000041210000)]
  0x0000000037cbe800 JavaThread "mini-cluster-io-thread-1" daemon [_thread_blocked, id=30984, stack(0x0000000041010000,0x0000000041110000)]
  0x0000000037cbf800 JavaThread "flink-rest-server-netty-boss-thread-1" daemon [_thread_in_native, id=34156, stack(0x0000000040f10000,0x0000000041010000)]
  0x0000000037cb9800 JavaThread "Flink-Metric-View-Updater-thread-1" daemon [_thread_blocked, id=35744, stack(0x000000003e4d0000,0x000000003e5d0000)]
  0x0000000037cbc800 JavaThread "IOManager reader thread #1" daemon [_thread_blocked, id=23592, stack(0x000000003a490000,0x000000003a590000)]
  0x0000000037cbb800 JavaThread "IOManager writer thread #1" daemon [_thread_blocked, id=18252, stack(0x000000003a390000,0x000000003a490000)]
  0x0000000037cba000 JavaThread "Timer-2" daemon [_thread_blocked, id=19464, stack(0x000000003a290000,0x000000003a390000)]
  0x0000000037cbb000 JavaThread "Timer-1" daemon [_thread_blocked, id=32688, stack(0x000000003a190000,0x000000003a290000)]
  0x0000000037c57800 JavaThread "BLOB Server listener at 64676" daemon [_thread_in_native, id=40332, stack(0x000000003a090000,0x000000003a190000)]
  0x0000000037c56800 JavaThread "Timer-0" daemon [_thread_blocked, id=38628, stack(0x0000000039f90000,0x000000003a090000)]
  0x0000000037c53800 JavaThread "ForkJoinPool.commonPool-worker-9" daemon [_thread_blocked, id=41728, stack(0x0000000039a90000,0x0000000039b90000)]
  0x0000000037c55800 JavaThread "flink-metrics-akka.actor.supervisor-dispatcher-8" [_thread_blocked, id=24284, stack(0x0000000039990000,0x0000000039a90000)]
  0x0000000037c52000 JavaThread "flink-metrics-7" [_thread_blocked, id=41140, stack(0x0000000039890000,0x0000000039990000)]
  0x0000000037c55000 JavaThread "flink-metrics-akka.actor.internal-dispatcher-6" [_thread_blocked, id=3200, stack(0x0000000039790000,0x0000000039890000)]
  0x0000000037c52800 JavaThread "flink-metrics-akka.actor.internal-dispatcher-5" [_thread_blocked, id=40364, stack(0x0000000039690000,0x0000000039790000)]
  0x0000000037c51000 JavaThread "flink-metrics-akka.actor.internal-dispatcher-4" [_thread_blocked, id=26036, stack(0x0000000039590000,0x0000000039690000)]
  0x0000000037c54000 JavaThread "flink-metrics-akka.actor.internal-dispatcher-3" [_thread_blocked, id=21968, stack(0x0000000039490000,0x0000000039590000)]
  0x0000000037c50800 JavaThread "flink-metrics-akka.actor.internal-dispatcher-2" [_thread_blocked, id=13884, stack(0x0000000039390000,0x0000000039490000)]
  0x0000000033c2c000 JavaThread "flink-metrics-scheduler-1" [_thread_blocked, id=23776, stack(0x0000000039290000,0x0000000039390000)]
  0x0000000033c2e800 JavaThread "flink-akka.actor.supervisor-dispatcher-5" [_thread_blocked, id=28992, stack(0x0000000039190000,0x0000000039290000)]
  0x0000000033c2b800 JavaThread "flink-akka.actor.internal-dispatcher-3" [_thread_blocked, id=35940, stack(0x0000000038d90000,0x0000000038e90000)]
  0x0000000033c2d800 JavaThread "flink-akka.actor.internal-dispatcher-2" [_thread_blocked, id=25844, stack(0x0000000038a90000,0x0000000038b90000)]
  0x0000000033c2a000 JavaThread "flink-scheduler-1" [_thread_blocked, id=17340, stack(0x0000000038990000,0x0000000038a90000)]
  0x0000000033c2d000 JavaThread "Thread-1" daemon [_thread_blocked, id=15008, stack(0x0000000036ec0000,0x0000000036fc0000)]
  0x0000000033c28800 JavaThread "mysql-cj-abandoned-connection-cleanup" daemon [_thread_blocked, id=19088, stack(0x0000000036bc0000,0x0000000036cc0000)]
  0x0000000033bdc000 JavaThread "Service Thread" daemon [_thread_blocked, id=35112, stack(0x00000000357f0000,0x00000000358f0000)]
  0x0000000033c2a800 JavaThread "C1 CompilerThread11" daemon [_thread_blocked, id=8932, stack(0x00000000356f0000,0x00000000357f0000)]
  0x0000000033bd9800 JavaThread "C1 CompilerThread10" daemon [_thread_blocked, id=13128, stack(0x00000000355f0000,0x00000000356f0000)]
  0x0000000033bd8800 JavaThread "C1 CompilerThread9" daemon [_thread_blocked, id=38828, stack(0x00000000354f0000,0x00000000355f0000)]
  0x0000000033bca000 JavaThread "C1 CompilerThread8" daemon [_thread_blocked, id=12196, stack(0x00000000353f0000,0x00000000354f0000)]
  0x0000000033b99000 JavaThread "C2 CompilerThread7" daemon [_thread_blocked, id=21424, stack(0x00000000351f0000,0x00000000352f0000)]
  0x0000000033b90800 JavaThread "C2 CompilerThread6" daemon [_thread_blocked, id=16988, stack(0x00000000350f0000,0x00000000351f0000)]
  0x0000000033b85800 JavaThread "C2 CompilerThread5" daemon [_thread_blocked, id=23316, stack(0x0000000034ff0000,0x00000000350f0000)]
  0x0000000033b75000 JavaThread "C2 CompilerThread4" daemon [_thread_blocked, id=30780, stack(0x0000000034ef0000,0x0000000034ff0000)]
  0x0000000033b70000 JavaThread "C2 CompilerThread3" daemon [_thread_blocked, id=32580, stack(0x0000000034df0000,0x0000000034ef0000)]
  0x0000000033b6f800 JavaThread "C2 CompilerThread2" daemon [_thread_blocked, id=10088, stack(0x0000000034cf0000,0x0000000034df0000)]
  0x0000000033b6e800 JavaThread "C2 CompilerThread1" daemon [_thread_blocked, id=41840, stack(0x0000000034bf0000,0x0000000034cf0000)]
  0x0000000033b66000 JavaThread "C2 CompilerThread0" daemon [_thread_blocked, id=28368, stack(0x0000000034af0000,0x0000000034bf0000)]
  0x0000000033a8b800 JavaThread "Monitor Ctrl-Break" daemon [_thread_in_native, id=29864, stack(0x00000000349f0000,0x0000000034af0000)]
  0x00000000316dc800 JavaThread "Attach Listener" daemon [_thread_blocked, id=29736, stack(0x0000000033120000,0x0000000033220000)]
  0x0000000031686000 JavaThread "Signal Dispatcher" daemon [_thread_blocked, id=35524, stack(0x0000000033020000,0x0000000033120000)]
  0x000000003165c000 JavaThread "Finalizer" daemon [_thread_blocked, id=32488, stack(0x0000000032eb0000,0x0000000032fb0000)]
  0x000000002fbe6800 JavaThread "Reference Handler" daemon [_thread_blocked, id=41852, stack(0x0000000032db0000,0x0000000032eb0000)]
  0x000000000344a800 JavaThread "main" [_thread_blocked, id=41224, stack(0x0000000003340000,0x0000000003440000)]

Other Threads:
  0x0000000031635800 VMThread [stack: 0x0000000032cb0000,0x0000000032db0000] [id=4392]
  0x0000000033e2b000 WatcherThread [stack: 0x00000000358f0000,0x00000000359f0000] [id=30280]

VM state:not at safepoint (normal execution)

VM Mutex/Monitor currently owned by a thread: None

Heap:
 PSYoungGen      total 351232K, used 281228K [0x00000006c3c00000, 0x00000006dc480000, 0x00000007c0000000)
  eden space 331776K, 78% used [0x00000006c3c00000,0x00000006d3ba79a0,0x00000006d8000000)
  from space 19456K, 99% used [0x00000006d9600000,0x00000006da8fba50,0x00000006da900000)
  to   space 22528K, 0% used [0x00000006d8000000,0x00000006d8000000,0x00000006d9600000)
 ParOldGen       total 790016K, used 28664K [0x00000004cb400000, 0x00000004fb780000, 0x00000006c3c00000)
  object space 790016K, 3% used [0x00000004cb400000,0x00000004ccffe160,0x00000004fb780000)
 Metaspace       used 77180K, capacity 85840K, committed 86064K, reserved 1124352K
  class space    used 10199K, capacity 11474K, committed 11568K, reserved 1048576K

Card table byte_map: [0x0000000012a70000,0x0000000014220000] byte_map_base: 0x0000000010416000

Marking Bits: (ParMarkBitMap*) 0x0000000061e72f70
 Begin Bits: [0x0000000015ef0000, 0x0000000021c20000)
 End Bits:   [0x0000000021c20000, 0x000000002d950000)

Polling page: 0x00000000014d0000

CodeCache: size=245760Kb used=19841Kb max_used=19902Kb free=225918Kb
 bounds [0x00000000036b0000, 0x0000000004a40000, 0x00000000126b0000]
 total_blobs=6770 nmethods=5923 adapters=757
 compilation: enabled

Compilation events (10 events):
Event: 12.801 Thread 0x0000000033b70000 nmethod 6726 0x0000000003b007d0 code [0x0000000003b009a0, 0x0000000003b00e68]
Event: 12.805 Thread 0x0000000033b85800 nmethod 6728 0x0000000003c82710 code [0x0000000003c829a0, 0x0000000003c83218]
Event: 12.832 Thread 0x0000000033bca000 6730       1       akka.dispatch.AbstractNodeQueue$Node::setNext (12 bytes)
Event: 12.832 Thread 0x0000000033bca000 nmethod 6730 0x0000000003b004d0 code [0x0000000003b00620, 0x0000000003b00750]
Event: 12.851 Thread 0x0000000033b99000 6731       4       sun.nio.fs.WindowsPathParser::isSlash (18 bytes)
Event: 12.851 Thread 0x0000000033b99000 nmethod 6731 0x0000000004083c90 code [0x0000000004083dc0, 0x0000000004083e18]
Event: 12.852 Thread 0x0000000033bd9800 6732       1       sun.nio.fs.NativeBuffer::size (5 bytes)
Event: 12.852 Thread 0x0000000033bd9800 nmethod 6732 0x0000000003b77c10 code [0x0000000003b77d60, 0x0000000003b77e70]
Event: 12.852 Thread 0x0000000033bd8800 6733       1       sun.nio.fs.NativeBuffer::address (5 bytes)
Event: 12.852 Thread 0x0000000033bd8800 nmethod 6733 0x0000000003dc5d10 code [0x0000000003dc5e60, 0x0000000003dc5f70]

GC Heap History (10 events):
Event: 2.232 GC heap before
{Heap before GC invocations=5 (full 2):
 PSYoungGen      total 226304K, used 14186K [0x00000006c3c00000, 0x00000006d8680000, 0x00000007c0000000)
  eden space 194048K, 0% used [0x00000006c3c00000,0x00000006c3c00000,0x00000006cf980000)
  from space 32256K, 43% used [0x00000006cf980000,0x00000006d075a9c8,0x00000006d1900000)
  to   space 32256K, 0% used [0x00000006d6700000,0x00000006d6700000,0x00000006d8680000)
 ParOldGen       total 316928K, used 9110K [0x00000004cb400000, 0x00000004de980000, 0x00000006c3c00000)
  object space 316928K, 2% used [0x00000004cb400000,0x00000004cbce5b08,0x00000004de980000)
 Metaspace       used 33268K, capacity 35398K, committed 35496K, reserved 1079296K
  class space    used 4574K, capacity 4908K, committed 4912K, reserved 1048576K
Event: 2.250 GC heap after
Heap after GC invocations=5 (full 2):
 PSYoungGen      total 226304K, used 0K [0x00000006c3c00000, 0x00000006d8680000, 0x00000007c0000000)
  eden space 194048K, 0% used [0x00000006c3c00000,0x00000006c3c00000,0x00000006cf980000)
  from space 32256K, 0% used [0x00000006cf980000,0x00000006cf980000,0x00000006d1900000)
  to   space 32256K, 0% used [0x00000006d6700000,0x00000006d6700000,0x00000006d8680000)
 ParOldGen       total 548352K, used 19311K [0x00000004cb400000, 0x00000004ecb80000, 0x00000006c3c00000)
  object space 548352K, 3% used [0x00000004cb400000,0x00000004cc6dbf58,0x00000004ecb80000)
 Metaspace       used 33263K, capacity 35386K, committed 35496K, reserved 1079296K
  class space    used 4573K, capacity 4906K, committed 4912K, reserved 1048576K
}
Event: 3.128 GC heap before
{Heap before GC invocations=6 (full 2):
 PSYoungGen      total 226304K, used 194048K [0x00000006c3c00000, 0x00000006d8680000, 0x00000007c0000000)
  eden space 194048K, 100% used [0x00000006c3c00000,0x00000006cf980000,0x00000006cf980000)
  from space 32256K, 0% used [0x00000006cf980000,0x00000006cf980000,0x00000006d1900000)
  to   space 32256K, 0% used [0x00000006d6700000,0x00000006d6700000,0x00000006d8680000)
 ParOldGen       total 548352K, used 19311K [0x00000004cb400000, 0x00000004ecb80000, 0x00000006c3c00000)
  object space 548352K, 3% used [0x00000004cb400000,0x00000004cc6dbf58,0x00000004ecb80000)
 Metaspace       used 42129K, capacity 44500K, committed 44592K, reserved 1087488K
  class space    used 5783K, capacity 6186K, committed 6192K, reserved 1048576K
Event: 3.134 GC heap after
Heap after GC invocations=6 (full 2):
 PSYoungGen      total 261632K, used 12181K [0x00000006c3c00000, 0x00000006d7300000, 0x00000007c0000000)
  eden space 249344K, 0% used [0x00000006c3c00000,0x00000006c3c00000,0x00000006d2f80000)
  from space 12288K, 99% used [0x00000006d6700000,0x00000006d72e57d0,0x00000006d7300000)
  to   space 32256K, 0% used [0x00000006d3400000,0x00000006d3400000,0x00000006d5380000)
 ParOldGen       total 548352K, used 19319K [0x00000004cb400000, 0x00000004ecb80000, 0x00000006c3c00000)
  object space 548352K, 3% used [0x00000004cb400000,0x00000004cc6ddf58,0x00000004ecb80000)
 Metaspace       used 42129K, capacity 44500K, committed 44592K, reserved 1087488K
  class space    used 5783K, capacity 6186K, committed 6192K, reserved 1048576K
}
Event: 3.719 GC heap before
{Heap before GC invocations=7 (full 2):
 PSYoungGen      total 261632K, used 205955K [0x00000006c3c00000, 0x00000006d7300000, 0x00000007c0000000)
  eden space 249344K, 77% used [0x00000006c3c00000,0x00000006cf93b438,0x00000006d2f80000)
  from space 12288K, 99% used [0x00000006d6700000,0x00000006d72e57d0,0x00000006d7300000)
  to   space 32256K, 0% used [0x00000006d3400000,0x00000006d3400000,0x00000006d5380000)
 ParOldGen       total 548352K, used 19319K [0x00000004cb400000, 0x00000004ecb80000, 0x00000006c3c00000)
  object space 548352K, 3% used [0x00000004cb400000,0x00000004cc6ddf58,0x00000004ecb80000)
 Metaspace       used 55581K, capacity 59020K, committed 59160K, reserved 1099776K
  class space    used 7483K, capacity 8018K, committed 8112K, reserved 1048576K
Event: 3.728 GC heap after
Heap after GC invocations=7 (full 2):
 PSYoungGen      total 286208K, used 19545K [0x00000006c3c00000, 0x00000006da900000, 0x00000007c0000000)
  eden space 253952K, 0% used [0x00000006c3c00000,0x00000006c3c00000,0x00000006d3400000)
  from space 32256K, 60% used [0x00000006d3400000,0x00000006d4716508,0x00000006d5380000)
  to   space 19456K, 0% used [0x00000006d9600000,0x00000006d9600000,0x00000006da900000)
 ParOldGen       total 548352K, used 19327K [0x00000004cb400000, 0x00000004ecb80000, 0x00000006c3c00000)
  object space 548352K, 3% used [0x00000004cb400000,0x00000004cc6dff58,0x00000004ecb80000)
 Metaspace       used 55581K, capacity 59020K, committed 59160K, reserved 1099776K
  class space    used 7483K, capacity 8018K, committed 8112K, reserved 1048576K
}
Event: 3.728 GC heap before
{Heap before GC invocations=8 (full 3):
 PSYoungGen      total 286208K, used 19545K [0x00000006c3c00000, 0x00000006da900000, 0x00000007c0000000)
  eden space 253952K, 0% used [0x00000006c3c00000,0x00000006c3c00000,0x00000006d3400000)
  from space 32256K, 60% used [0x00000006d3400000,0x00000006d4716508,0x00000006d5380000)
  to   space 19456K, 0% used [0x00000006d9600000,0x00000006d9600000,0x00000006da900000)
 ParOldGen       total 548352K, used 19327K [0x00000004cb400000, 0x00000004ecb80000, 0x00000006c3c00000)
  object space 548352K, 3% used [0x00000004cb400000,0x00000004cc6dff58,0x00000004ecb80000)
 Metaspace       used 55581K, capacity 59020K, committed 59160K, reserved 1099776K
  class space    used 7483K, capacity 8018K, committed 8112K, reserved 1048576K
Event: 3.788 GC heap after
Heap after GC invocations=8 (full 3):
 PSYoungGen      total 286208K, used 0K [0x00000006c3c00000, 0x00000006da900000, 0x00000007c0000000)
  eden space 253952K, 0% used [0x00000006c3c00000,0x00000006c3c00000,0x00000006d3400000)
  from space 32256K, 0% used [0x00000006d3400000,0x00000006d3400000,0x00000006d5380000)
  to   space 19456K, 0% used [0x00000006d9600000,0x00000006d9600000,0x00000006da900000)
 ParOldGen       total 790016K, used 27860K [0x00000004cb400000, 0x00000004fb780000, 0x00000006c3c00000)
  object space 790016K, 3% used [0x00000004cb400000,0x00000004ccf352a8,0x00000004fb780000)
 Metaspace       used 55443K, capacity 58664K, committed 59160K, reserved 1099776K
  class space    used 7438K, capacity 7952K, committed 8112K, reserved 1048576K
}
Event: 4.115 GC heap before
{Heap before GC invocations=9 (full 3):
 PSYoungGen      total 286208K, used 253952K [0x00000006c3c00000, 0x00000006da900000, 0x00000007c0000000)
  eden space 253952K, 100% used [0x00000006c3c00000,0x00000006d3400000,0x00000006d3400000)
  from space 32256K, 0% used [0x00000006d3400000,0x00000006d3400000,0x00000006d5380000)
  to   space 19456K, 0% used [0x00000006d9600000,0x00000006d9600000,0x00000006da900000)
 ParOldGen       total 790016K, used 27860K [0x00000004cb400000, 0x00000004fb780000, 0x00000006c3c00000)
  object space 790016K, 3% used [0x00000004cb400000,0x00000004ccf352a8,0x00000004fb780000)
 Metaspace       used 65422K, capacity 72070K, committed 72240K, reserved 1112064K
  class space    used 8761K, capacity 9713K, committed 9776K, reserved 1048576K
Event: 4.131 GC heap after
Heap after GC invocations=9 (full 3):
 PSYoungGen      total 351232K, used 19438K [0x00000006c3c00000, 0x00000006dc480000, 0x00000007c0000000)
  eden space 331776K, 0% used [0x00000006c3c00000,0x00000006c3c00000,0x00000006d8000000)
  from space 19456K, 99% used [0x00000006d9600000,0x00000006da8fba50,0x00000006da900000)
  to   space 22528K, 0% used [0x00000006d8000000,0x00000006d8000000,0x00000006d9600000)
 ParOldGen       total 790016K, used 28664K [0x00000004cb400000, 0x00000004fb780000, 0x00000006c3c00000)
  object space 790016K, 3% used [0x00000004cb400000,0x00000004ccffe160,0x00000004fb780000)
 Metaspace       used 65422K, capacity 72070K, committed 72240K, reserved 1112064K
  class space    used 8761K, capacity 9713K, committed 9776K, reserved 1048576K
}

Deoptimization events (10 events):
Event: 9.613 Thread 0x0000000040416000 Uncommon trap: reason=unstable_if action=reinterpret pc=0x0000000003985990 method=sun.nio.cs.UTF_8$Encoder.encode([CII[B)I @ 33
Event: 10.047 Thread 0x000000003f6c6000 Uncommon trap: reason=class_check action=maybe_recompile pc=0x0000000003aa7604 method=org.apache.flink.api.java.typeutils.runtime.DataInputViewStream.read([BII)I @ 7
Event: 10.047 Thread 0x000000003f6c6000 Uncommon trap: reason=class_check action=maybe_recompile pc=0x0000000003aa7604 method=org.apache.flink.api.java.typeutils.runtime.DataInputViewStream.read([BII)I @ 7
Event: 10.047 Thread 0x000000003f6c6000 Uncommon trap: reason=class_check action=maybe_recompile pc=0x0000000003aa7604 method=org.apache.flink.api.java.typeutils.runtime.DataInputViewStream.read([BII)I @ 7
Event: 10.047 Thread 0x000000003f6c6000 Uncommon trap: reason=class_check action=maybe_recompile pc=0x0000000003aa7604 method=org.apache.flink.api.java.typeutils.runtime.DataInputViewStream.read([BII)I @ 7
Event: 10.121 Thread 0x000000003f49a000 Uncommon trap: reason=bimorphic action=maybe_recompile pc=0x0000000003e3893c method=java.util.stream.ReferencePipeline.forEachWithCancel(Ljava/util/Spliterator;Ljava/util/stream/Sink;)V @ 1
Event: 10.124 Thread 0x000000003f49a000 Uncommon trap: reason=class_check action=maybe_recompile pc=0x0000000003a381e8 method=java.lang.reflect.Field.get(Ljava/lang/Object;)Ljava/lang/Object; @ 45
Event: 10.131 Thread 0x000000003f49a000 Uncommon trap: reason=unstable_if action=reinterpret pc=0x000000000459a87c method=java.lang.reflect.Constructor.newInstance([Ljava/lang/Object;)Ljava/lang/Object; @ 18
Event: 10.265 Thread 0x000000003f49a000 Uncommon trap: reason=bimorphic action=maybe_recompile pc=0x0000000003e3893c method=java.util.stream.ReferencePipeline.forEachWithCancel(Ljava/util/Spliterator;Ljava/util/stream/Sink;)V @ 1
Event: 10.474 Thread 0x000000003f49a000 Uncommon trap: reason=bimorphic action=maybe_recompile pc=0x0000000003e3893c method=java.util.stream.ReferencePipeline.forEachWithCancel(Ljava/util/Spliterator;Ljava/util/stream/Sink;)V @ 1

Internal exceptions (10 events):
Event: 3.358 Thread 0x0000000037cc7000 Exception <a 'java/lang/ClassNotFoundException': org/apache/log4j/WriterAppenderBeanInfo> (0x00000006c9827c40) thrown at [C:\re\workspace\8-2-build-windows-amd64-cygwin\jdk8u91\6644\hotspot\src\share\vm\classfile\systemDictionary.cpp, line 210]
Event: 3.358 Thread 0x0000000037cc7000 Exception <a 'java/lang/ClassNotFoundException': org/apache/log4j/AppenderSkeletonBeanInfo> (0x00000006c985b658) thrown at [C:\re\workspace\8-2-build-windows-amd64-cygwin\jdk8u91\6644\hotspot\src\share\vm\classfile\systemDictionary.cpp, line 210]
Event: 3.358 Thread 0x0000000037cc7000 Exception <a 'java/lang/ClassNotFoundException': org/apache/log4j/AppenderSkeletonCustomizer> (0x00000006c98924b0) thrown at [C:\re\workspace\8-2-build-windows-amd64-cygwin\jdk8u91\6644\hotspot\src\share\vm\classfile\systemDictionary.cpp, line 210]
Event: 3.360 Thread 0x0000000037cc7000 Exception <a 'java/lang/ClassNotFoundException': org/apache/log4j/WriterAppenderCustomizer> (0x00000006c98dc978) thrown at [C:\re\workspace\8-2-build-windows-amd64-cygwin\jdk8u91\6644\hotspot\src\share\vm\classfile\systemDictionary.cpp, line 210]
Event: 3.360 Thread 0x0000000037cc7000 Exception <a 'java/lang/ClassNotFoundException': org/apache/log4j/ConsoleAppenderCustomizer> (0x00000006c991c250) thrown at [C:\re\workspace\8-2-build-windows-amd64-cygwin\jdk8u91\6644\hotspot\src\share\vm\classfile\systemDictionary.cpp, line 210]
Event: 3.789 Thread 0x0000000037cc5800 Implicit null exception at 0x00000000040e4bb4 to 0x00000000040e57f9
Event: 3.890 Thread 0x0000000037cc4000 Exception <a 'java/lang/NoSuchMethodError': <clinit>> (0x00000006c71598f0) thrown at [C:\re\workspace\8-2-build-windows-amd64-cygwin\jdk8u91\6644\hotspot\src\share\vm\prims\jni.cpp, line 1613]
Event: 3.956 Thread 0x000000003efbb800 Exception <a 'java/lang/NoSuchMethodError': java.lang.Object.lambda$getAvailabilityProvider$0()Ljava/util/concurrent/CompletableFuture;> (0x00000006c9d4dfd0) thrown at [C:\re\workspace\8-2-build-windows-amd64-cygwin\jdk8u91\6644\hotspot\src\share\vm\interp@
Event: 3.956 Thread 0x000000003efbe800 Exception <a 'java/lang/NoSuchMethodError': java.lang.Object.lambda$getAvailabilityProvider$0()Ljava/util/concurrent/CompletableFuture;> (0x00000006c9c3fa50) thrown at [C:\re\workspace\8-2-build-windows-amd64-cygwin\jdk8u91\6644\hotspot\src\share\vm\interp?v[@
Event: 4.339 Thread 0x000000003f720000 Exception <a 'java/io/IOException': CreateProcess error=2, > (0x00000006c9e76960) thrown at [C:\re\workspace\8-2-build-windows-amd64-cygwin\jdk8u91\6644\hotspot\src\share\vm\prims\jni.cpp, line 735]

Events (10 events):
Event: 12.801 Thread 0x0000000033b70000 flushing nmethod 0x0000000003caba10
Event: 12.805 Thread 0x0000000033b85800 flushing nmethod 0x0000000003d453d0
Event: 12.832 Thread 0x0000000033bca000 flushing nmethod 0x0000000003dc5bd0
Event: 12.848 loading class org/rocksdb/ColumnFamilyOptions
Event: 12.848 loading class org/rocksdb/ColumnFamilyOptions done
Event: 12.849 loading class org/apache/flink/util/function/ThrowingConsumer
Event: 12.849 loading class org/apache/flink/util/function/ThrowingConsumer done
Event: 12.849 loading class org/apache/flink/util/function/ThrowingConsumer
Event: 12.849 loading class org/apache/flink/util/function/ThrowingConsumer done
Event: 12.852 Thread 0x0000000033bd8800 flushing nmethod 0x00000000040d4cd0


Dynamic libraries:
0x00007ff7c9dc0000 - 0x00007ff7c9df7000 	D:\soft\software\bin\java.exe
0x00007ffce3aa0000 - 0x00007ffce3d09000 	C:\WINDOWS\SYSTEM32\ntdll.dll
0x00007ffce1f40000 - 0x00007ffce2009000 	C:\WINDOWS\System32\KERNEL32.DLL
0x00007ffce1470000 - 0x00007ffce1863000 	C:\WINDOWS\System32\KERNELBASE.dll
0x00007ffce2ca0000 - 0x00007ffce2d54000 	C:\WINDOWS\System32\ADVAPI32.dll
0x00007ffce2bf0000 - 0x00007ffce2c99000 	C:\WINDOWS\System32\msvcrt.dll
0x00007ffce20b0000 - 0x00007ffce2156000 	C:\WINDOWS\System32\sechost.dll
0x00007ffce2d70000 - 0x00007ffce2e88000 	C:\WINDOWS\System32\RPCRT4.dll
0x00007ffce1cf0000 - 0x00007ffce1eb4000 	C:\WINDOWS\System32\USER32.dll
0x00007ffce0f60000 - 0x00007ffce0f87000 	C:\WINDOWS\System32\win32u.dll
0x00007ffce1cc0000 - 0x00007ffce1ceb000 	C:\WINDOWS\System32\GDI32.dll
0x00007ffce0c30000 - 0x00007ffce0d5d000 	C:\WINDOWS\System32\gdi32full.dll
0x00007ffce0df0000 - 0x00007ffce0e93000 	C:\WINDOWS\System32\msvcp_win.dll
0x00007ffce1110000 - 0x00007ffce125b000 	C:\WINDOWS\System32\ucrtbase.dll
0x00007ffccc240000 - 0x00007ffccc4d3000 	C:\WINDOWS\WinSxS\amd64_microsoft.windows.common-controls_6595b64144ccf1df_6.0.26100.5074_none_3e0d6f78e32fd63f\COMCTL32.dll
0x00007ffce2010000 - 0x00007ffce203f000 	C:\WINDOWS\System32\IMM32.DLL
0x0000000061f00000 - 0x0000000061fd2000 	D:\soft\software\jre\bin\msvcr100.dll
0x0000000061660000 - 0x0000000061ef3000 	D:\soft\software\jre\bin\server\jvm.dll
0x00007ffce1970000 - 0x00007ffce1978000 	C:\WINDOWS\System32\PSAPI.DLL
0x00007ffcd2630000 - 0x00007ffcd2665000 	C:\WINDOWS\SYSTEM32\WINMM.dll
0x00007ffcd8400000 - 0x00007ffcd840a000 	C:\WINDOWS\SYSTEM32\WSOCK32.dll
0x00007ffcd7040000 - 0x00007ffcd704b000 	C:\WINDOWS\SYSTEM32\VERSION.dll
0x00007ffce2980000 - 0x00007ffce29f4000 	C:\WINDOWS\System32\WS2_32.dll
0x0000000061650000 - 0x000000006165f000 	D:\soft\software\jre\bin\verify.dll
0x0000000061620000 - 0x0000000061649000 	D:\soft\software\jre\bin\java.dll
0x0000000061450000 - 0x0000000061473000 	D:\soft\software\jre\bin\instrument.dll
0x0000000061600000 - 0x0000000061616000 	D:\soft\software\jre\bin\zip.dll
0x00007ffce31e0000 - 0x00007ffce392d000 	C:\WINDOWS\System32\SHELL32.dll
0x00007ffce1300000 - 0x00007ffce146c000 	C:\WINDOWS\System32\wintypes.dll
0x00007ffce25f0000 - 0x00007ffce296b000 	C:\WINDOWS\System32\combase.dll
0x00007ffcde6f0000 - 0x00007ffcdef49000 	C:\WINDOWS\SYSTEM32\windows.storage.dll
0x00007ffce1980000 - 0x00007ffce1a70000 	C:\WINDOWS\System32\SHCORE.dll
0x00007ffce39f0000 - 0x00007ffce3a52000 	C:\WINDOWS\System32\shlwapi.dll
0x00007ffce0b50000 - 0x00007ffce0b79000 	C:\WINDOWS\SYSTEM32\profapi.dll
0x00007ffcb3550000 - 0x00007ffcb356a000 	D:\soft\IntelliJ IDEA 2022.2\bin\breakgen64.dll
0x00000000615e0000 - 0x00000000615fa000 	D:\soft\software\jre\bin\net.dll
0x00007ffcdff90000 - 0x00007ffcdfffb000 	C:\WINDOWS\system32\mswsock.dll
0x00000000615c0000 - 0x00000000615d1000 	D:\soft\software\jre\bin\nio.dll
0x00007ffce0230000 - 0x00007ffce024b000 	C:\WINDOWS\SYSTEM32\CRYPTSP.dll
0x00007ffcdf970000 - 0x00007ffcdf9ab000 	C:\WINDOWS\system32\rsaenh.dll
0x00007ffce0030000 - 0x00007ffce005b000 	C:\WINDOWS\SYSTEM32\USERENV.dll
0x00007ffce0b20000 - 0x00007ffce0b46000 	C:\WINDOWS\SYSTEM32\bcrypt.dll
0x00007ffce1260000 - 0x00007ffce12f9000 	C:\WINDOWS\System32\bcryptprimitives.dll
0x00007ffce0250000 - 0x00007ffce025c000 	C:\WINDOWS\SYSTEM32\CRYPTBASE.dll
0x00007ffcdf3e0000 - 0x00007ffcdf414000 	C:\WINDOWS\SYSTEM32\IPHLPAPI.DLL
0x00007ffce2970000 - 0x00007ffce297a000 	C:\WINDOWS\System32\NSI.dll
0x00007ffcda500000 - 0x00007ffcda51e000 	C:\WINDOWS\SYSTEM32\dhcpcsvc6.DLL
0x00007ffcda460000 - 0x00007ffcda483000 	C:\WINDOWS\SYSTEM32\dhcpcsvc.DLL
0x00007ffcdf4d0000 - 0x00007ffcdf5f6000 	C:\WINDOWS\SYSTEM32\DNSAPI.dll
0x0000000061590000 - 0x000000006159d000 	D:\soft\software\jre\bin\management.dll
0x00007ffcb3480000 - 0x00007ffcb349a000 	D:\jy\hadoop-3.2.0\bin\hadoop.dll
0x00007ffcdf470000 - 0x00007ffcdf4c0000 	C:\WINDOWS\SYSTEM32\AUTHZ.dll
0x00007ffcc1fa0000 - 0x00007ffcc1fba000 	C:\WINDOWS\SYSTEM32\NETAPI32.dll
0x00007ffcdf3a0000 - 0x00007ffcdf3ad000 	C:\WINDOWS\SYSTEM32\NETUTILS.DLL
0x00007ffcdf380000 - 0x00007ffcdf39b000 	C:\WINDOWS\SYSTEM32\SAMCLI.DLL
0x0000000061580000 - 0x0000000061589000 	D:\soft\software\jre\bin\jaas_nt.dll
0x00007ffccbc10000 - 0x00007ffccbc28000 	C:\WINDOWS\system32\napinsp.dll
0x00007ffccbbf0000 - 0x00007ffccbc02000 	C:\WINDOWS\System32\winrnr.dll
0x00007ffccbbc0000 - 0x00007ffccbbe8000 	C:\WINDOWS\system32\nlansp_c.dll
0x00007ffcd9730000 - 0x00007ffcd9746000 	C:\WINDOWS\system32\wshbth.dll
0x00007ffcd9700000 - 0x00007ffcd970b000 	C:\Windows\System32\rasadhlp.dll
0x00007ffcda920000 - 0x00007ffcda9a6000 	C:\WINDOWS\System32\fwpuclnt.dll
0x00007ffb44b30000 - 0x00007ffb45449000 	C:\Users\A\AppData\Local\Temp\minicluster_373efcfb536fbd1426af524f078ba3d1\tm_0\tmp\rocksdb-lib-c7adedd6be54bd1046560e9084b3bfd8\librocksdbjni-win64.dll
0x00007ffcd7cb0000 - 0x00007ffcd7cbf000 	C:\WINDOWS\SYSTEM32\VCRUNTIME140_1D.dll
0x00007ffcb8a30000 - 0x00007ffcb8a60000 	C:\WINDOWS\SYSTEM32\VCRUNTIME140D.dll
0x00007ffc9c3c0000 - 0x00007ffc9c4a1000 	C:\WINDOWS\SYSTEM32\MSVCP140D.dll
0x00007ffc63a20000 - 0x00007ffc63c24000 	C:\WINDOWS\SYSTEM32\ucrtbased.dll
0x00007ffcdfa10000 - 0x00007ffcdfa2b000 	C:\WINDOWS\SYSTEM32\kernel.appcore.dll
0x00007ffcde4a0000 - 0x00007ffcde6e2000 	C:\WINDOWS\SYSTEM32\dbghelp.dll
0x00007ffce1a80000 - 0x00007ffce1b57000 	C:\WINDOWS\System32\OLEAUT32.dll

VM Arguments:
jvm_args: -javaagent:D:\soft\IntelliJ IDEA 2022.2\lib\idea_rt.jar=60333:D:\soft\IntelliJ IDEA 2022.2\bin -Dfile.encoding=UTF-8 
java_command: com.stream.realtime.lululemon.flinkapi.todoris.SearchTermTotalAggregatorApitodoris
java_class_path (initial): D:\soft\software\jre\lib\charsets.jar;D:\soft\software\jre\lib\deploy.jar;D:\soft\software\jre\lib\ext\access-bridge-64.jar;D:\soft\software\jre\lib\ext\cldrdata.jar;D:\soft\software\jre\lib\ext\dnsns.jar;D:\soft\software\jre\lib\ext\jaccess.jar;D:\soft\software\jre\lib\ext\jfxrt.jar;D:\soft\software\jre\lib\ext\localedata.jar;D:\soft\software\jre\lib\ext\nashorn.jar;D:\soft\software\jre\lib\ext\sunec.jar;D:\soft\software\jre\lib\ext\sunjce_provider.jar;D:\soft\software\jre\lib\ext\sunmscapi.jar;D:\soft\software\jre\lib\ext\sunpkcs11.jar;D:\soft\software\jre\lib\ext\zipfs.jar;D:\soft\software\jre\lib\javaws.jar;D:\soft\software\jre\lib\jce.jar;D:\soft\software\jre\lib\jfr.jar;D:\soft\software\jre\lib\jfxswt.jar;D:\soft\software\jre\lib\jsse.jar;D:\soft\software\jre\lib\management-agent.jar;D:\soft\software\jre\lib\plugin.jar;D:\soft\software\jre\lib\resources.jar;D:\soft\software\jre\lib\rt.jar;D:\idealwj\stream-dev-prod\stream-realtime\target\classes;D:\idealwj\stream-dev-prod\stream-core\target\classes;D:\maven\repository\com\squareup\okhttp3\okhttp\4.10.0\okhttp-4.10.0.jar;D:\maven\repository\com\squareup\okio\okio-jvm\3.0.0\okio-jvm-3.0.0.jar;D:\maven\repository\org\jetbrains\kotlin\kotlin-stdlib-jdk8\1.5.31\kotlin-stdlib-jdk8-1.5.31.jar;D:\maven\repository\org\jetbrains\kotlin\kotlin-stdlib-jdk7\1.5.31\kotlin-stdlib-jdk7-1.5.31.jar;D:\maven\repository\org\jetbrains\kotlin\kotlin-stdlib-common\1.5.31\kotlin-stdlib-common-1.5.31.jar;D:\maven\repository\org\jetbrains\kotlin\kotlin-stdlib\1.6.20\kotlin-stdlib-1.6.20.jar;D:\maven\repository\org\jetbrains\annotations\13.0\annotations-13.0.jar;D:\maven\repository\org\slf4j\slf4j-api\1.7.36\slf4j-api-1.7.36.jar;D:\maven\repository\org\apache\hadoop\hadoop-client\3.3.4\hadoop-client-3.3.4.jar;D:\maven\repository\org\apache\hadoop\hadoop-hdfs-client\3.3.4\hadoop-hdfs-client-3.3.4.jar;D:\maven\repository\com\fasterxml\jackson\core\jackson-annotations\2.12.7\jackson-annotations-2.12.7.jar;D:\ma
Launcher Type: SUN_STANDARD

Environment Variables:
JAVA_HOME=D:\soft\software
PATH=C:\ProgramData\Oracle\Java\javapath;C:\WINDOWS\system32;C:\WINDOWS;C:\WINDOWS\System32\Wbem;C:\WINDOWS\System32\WindowsPowerShell\v1.0\;C:\WINDOWS\System32\OpenSSH\;C:\Program Files\NVIDIA Corporation\NVIDIA app\NvDLISR;C:\Program Files (x86)\NVIDIA Corporation\PhysX\Common;%JAVA_HOME\bin;D:\soft\software\mysql\mysql-8.0.39-winx64\mysql-8.0.39-winx64\bin;D:\zywj\zg6\Git\cmd;%HADOOP_HOME%\bin;D:\maven\apache-maven-3.6.3\bin;D:\soft\Python\Scripts\;D:\soft\Python\;C:\Users\A\AppData\Roaming\Python\Python313\Scripts;C:\Users\A\AppData\Local\Microsoft\WindowsApps;D:\soft\PyCharm\PyCharm 2025.2.1.1\bin;D:\soft\idea2021\IntelliJ IDEA 2021.2.1\bin;;D:\jy\hadoop-3.2.0\sbin;D:\jy\hadoop-3.2.0\bin;D:\soft\vs code\Microsoft VS Code\bin
USERNAME=A
OS=Windows_NT
PROCESSOR_IDENTIFIER=AMD64 Family 25 Model 117 Stepping 2, AuthenticAMD



---------------  S Y S T E M  ---------------

OS: Windows 10.0 , 64 bit Build 26100 (10.0.26100.5074)

CPU:total 16 (16 cores per cpu, 1 threads per core) family 25 model 117 stepping 2, cmov, cx8, fxsr, mmx, sse, sse2, sse3, ssse3, sse4.1, sse4.2, popcnt, avx, avx2, aes, clmul, erms, mmxext, 3dnowpref, lzcnt, sse4a, tsc, tscinvbit, tscinv, bmi1

Memory: 4k page, physical 49591488k(5735548k free), swap 61125824k(23382040k free)

vm_info: Java HotSpot(TM) 64-Bit Server VM (25.91-b14) for windows-amd64 JRE (1.8.0_91-b14), built on Apr  1 2016 00:58:32 by "java_re" with MS VC++ 10.0 (VS2010)

time: Mon Nov 03 20:00:15 2025
elapsed time: 12 seconds (0d 0h 0m 12s)

